[3.092s] Invoking command in '/home/agilex/ros2_rubbishbot_ws/src/Trashbot/rubbishbot': PYTHONPATH=/home/agilex/ros2_rubbishbot_ws/src/Trashbot/build/rubbishbot/prefix_override:/home/agilex/ros2_rubbishbot_ws/src/Trashbot/install/rubbishbot/lib/python3.8/site-packages: /usr/bin/python3 setup.py egg_info --egg-base ../build/rubbishbot build --build-base /home/agilex/ros2_rubbishbot_ws/src/Trashbot/build/rubbishbot/build install --record /home/agilex/ros2_rubbishbot_ws/src/Trashbot/build/rubbishbot/install.log --install-scripts $base/lib/rubbishbot --single-version-externally-managed
[3.405s] /home/agilex/.local/lib/python3.8/site-packages/setuptools/dist.py:476: SetuptoolsDeprecationWarning: Invalid dash-separated options
[3.405s] !!
[3.406s] 
[3.406s]         ********************************************************************************
[3.406s]         Usage of dash-separated 'script-dir' will not be supported in future
[3.406s]         versions. Please use the underscore name 'script_dir' instead.
[3.406s] 
[3.406s]         This deprecation is overdue, please update your project and remove deprecated
[3.407s]         calls to avoid build errors in the future.
[3.407s] 
[3.407s]         See https://setuptools.pypa.io/en/latest/userguide/declarative_config.html for details.
[3.407s]         ********************************************************************************
[3.407s] 
[3.407s] !!
[3.407s]   opt = self.warn_dash_deprecation(opt, section)
[3.596s] running egg_info
[3.626s] writing ../build/rubbishbot/rubbishbot.egg-info/PKG-INFO
[3.628s] writing dependency_links to ../build/rubbishbot/rubbishbot.egg-info/dependency_links.txt
[3.629s] writing entry points to ../build/rubbishbot/rubbishbot.egg-info/entry_points.txt
[3.629s] writing requirements to ../build/rubbishbot/rubbishbot.egg-info/requires.txt
[3.630s] writing top-level names to ../build/rubbishbot/rubbishbot.egg-info/top_level.txt
[3.907s] reading manifest file '../build/rubbishbot/rubbishbot.egg-info/SOURCES.txt'
[3.909s] writing manifest file '../build/rubbishbot/rubbishbot.egg-info/SOURCES.txt'
[3.910s] running build
[3.910s] running build_py
[3.910s] copying rubbishbot/mission_manager.py -> /home/agilex/ros2_rubbishbot_ws/src/Trashbot/build/rubbishbot/build/lib/rubbishbot
[3.911s] copying rubbishbot/object_detector.py -> /home/agilex/ros2_rubbishbot_ws/src/Trashbot/build/rubbishbot/build/lib/rubbishbot
[3.911s] copying rubbishbot/pose_setter.py -> /home/agilex/ros2_rubbishbot_ws/src/Trashbot/build/rubbishbot/build/lib/rubbishbot
[3.913s] copying rubbishbot/__init__.py -> /home/agilex/ros2_rubbishbot_ws/src/Trashbot/build/rubbishbot/build/lib/rubbishbot
[3.914s] running install
[3.914s] /home/agilex/.local/lib/python3.8/site-packages/setuptools/_distutils/cmd.py:66: SetuptoolsDeprecationWarning: setup.py install is deprecated.
[3.914s] !!
[3.915s] 
[3.915s]         ********************************************************************************
[3.915s]         Please avoid running ``setup.py`` directly.
[3.916s]         Instead, use pypa/build, pypa/installer or other
[3.916s]         standards-based tools.
[3.916s] 
[3.916s]         See https://blog.ganssle.io/articles/2021/10/setup-py-deprecated.html for details.
[3.917s]         ********************************************************************************
[3.917s] 
[3.917s] !!
[3.917s]   self.initialize_options()
[3.928s] running install_lib
[3.957s] copying /home/agilex/ros2_rubbishbot_ws/src/Trashbot/build/rubbishbot/build/lib/rubbishbot/object_detector.py -> /home/agilex/ros2_rubbishbot_ws/src/Trashbot/install/rubbishbot/lib/python3.8/site-packages/rubbishbot
[3.958s] byte-compiling /home/agilex/ros2_rubbishbot_ws/src/Trashbot/install/rubbishbot/lib/python3.8/site-packages/rubbishbot/object_detector.py to object_detector.cpython-38.pyc
[3.964s] running install_data
[3.992s] copying resource/rubbishbot -> /home/agilex/ros2_rubbishbot_ws/src/Trashbot/install/rubbishbot/share/ament_index/resource_index/packages
[3.993s] copying package.xml -> /home/agilex/ros2_rubbishbot_ws/src/Trashbot/install/rubbishbot/share/rubbishbot
[3.993s] running install_egg_info
[4.022s] removing '/home/agilex/ros2_rubbishbot_ws/src/Trashbot/install/rubbishbot/lib/python3.8/site-packages/rubbishbot-0.0.0-py3.8.egg-info' (and everything under it)
[4.022s] Copying ../build/rubbishbot/rubbishbot.egg-info to /home/agilex/ros2_rubbishbot_ws/src/Trashbot/install/rubbishbot/lib/python3.8/site-packages/rubbishbot-0.0.0-py3.8.egg-info
[4.024s] running install_scripts
[4.095s] Installing detector script to /home/agilex/ros2_rubbishbot_ws/src/Trashbot/install/rubbishbot/lib/rubbishbot
[4.096s] Installing mission_manager script to /home/agilex/ros2_rubbishbot_ws/src/Trashbot/install/rubbishbot/lib/rubbishbot
[4.096s] Installing pose_setter script to /home/agilex/ros2_rubbishbot_ws/src/Trashbot/install/rubbishbot/lib/rubbishbot
[4.096s] writing list of installed files to '/home/agilex/ros2_rubbishbot_ws/src/Trashbot/build/rubbishbot/install.log'
[4.177s] Invoked command in '/home/agilex/ros2_rubbishbot_ws/src/Trashbot/rubbishbot' returned '0': PYTHONPATH=/home/agilex/ros2_rubbishbot_ws/src/Trashbot/build/rubbishbot/prefix_override:/home/agilex/ros2_rubbishbot_ws/src/Trashbot/install/rubbishbot/lib/python3.8/site-packages: /usr/bin/python3 setup.py egg_info --egg-base ../build/rubbishbot build --build-base /home/agilex/ros2_rubbishbot_ws/src/Trashbot/build/rubbishbot/build install --record /home/agilex/ros2_rubbishbot_ws/src/Trashbot/build/rubbishbot/install.log --install-scripts $base/lib/rubbishbot --single-version-externally-managed
