[5.154s] Invoking command in '/home/agilex/ros2_rubbishbot_ws/src/rubbishbot': PYTHONPATH=/home/agilex/ros2_rubbishbot_ws/src/build/rubbishbot/prefix_override:/home/agilex/ros2_rubbishbot_ws/src/install/rubbishbot/lib/python3.8/site-packages:${PYTHONPATH} /usr/bin/python3 setup.py egg_info --egg-base ../build/rubbishbot build --build-base /home/agilex/ros2_rubbishbot_ws/src/build/rubbishbot/build install --record /home/agilex/ros2_rubbishbot_ws/src/build/rubbishbot/install.log --install-scripts $base/lib/rubbishbot --single-version-externally-managed
[5.544s] /home/agilex/.local/lib/python3.8/site-packages/setuptools/dist.py:476: SetuptoolsDeprecationWarning: Invalid dash-separated options
[5.545s] !!
[5.545s] 
[5.545s]         ********************************************************************************
[5.545s]         Usage of dash-separated 'script-dir' will not be supported in future
[5.545s]         versions. Please use the underscore name 'script_dir' instead.
[5.545s] 
[5.546s]         This deprecation is overdue, please update your project and remove deprecated
[5.546s]         calls to avoid build errors in the future.
[5.546s] 
[5.546s]         See https://setuptools.pypa.io/en/latest/userguide/declarative_config.html for details.
[5.546s]         ********************************************************************************
[5.546s] 
[5.546s] !!
[5.546s]   opt = self.warn_dash_deprecation(opt, section)
[5.801s] running egg_info
[5.802s] creating ../build/rubbishbot/rubbishbot.egg-info
[5.844s] writing ../build/rubbishbot/rubbishbot.egg-info/PKG-INFO
[5.846s] writing dependency_links to ../build/rubbishbot/rubbishbot.egg-info/dependency_links.txt
[5.846s] writing entry points to ../build/rubbishbot/rubbishbot.egg-info/entry_points.txt
[5.846s] writing requirements to ../build/rubbishbot/rubbishbot.egg-info/requires.txt
[5.846s] writing top-level names to ../build/rubbishbot/rubbishbot.egg-info/top_level.txt
[6.142s] writing manifest file '../build/rubbishbot/rubbishbot.egg-info/SOURCES.txt'
[6.232s] reading manifest file '../build/rubbishbot/rubbishbot.egg-info/SOURCES.txt'
[6.234s] writing manifest file '../build/rubbishbot/rubbishbot.egg-info/SOURCES.txt'
[6.234s] running build
[6.235s] running build_py
[6.235s] creating /home/agilex/ros2_rubbishbot_ws/src/build/rubbishbot/build
[6.235s] creating /home/agilex/ros2_rubbishbot_ws/src/build/rubbishbot/build/lib
[6.236s] creating /home/agilex/ros2_rubbishbot_ws/src/build/rubbishbot/build/lib/rubbishbot
[6.236s] copying rubbishbot/mission_manager.py -> /home/agilex/ros2_rubbishbot_ws/src/build/rubbishbot/build/lib/rubbishbot
[6.236s] copying rubbishbot/pose_setter.py -> /home/agilex/ros2_rubbishbot_ws/src/build/rubbishbot/build/lib/rubbishbot
[6.237s] copying rubbishbot/__init__.py -> /home/agilex/ros2_rubbishbot_ws/src/build/rubbishbot/build/lib/rubbishbot
[6.237s] running install
[6.239s] /home/agilex/.local/lib/python3.8/site-packages/setuptools/_distutils/cmd.py:66: SetuptoolsDeprecationWarning: setup.py install is deprecated.
[6.239s] !!
[6.239s] 
[6.239s]         ********************************************************************************
[6.240s]         Please avoid running ``setup.py`` directly.
[6.240s]         Instead, use pypa/build, pypa/installer or other
[6.240s]         standards-based tools.
[6.240s] 
[6.240s]         See https://blog.ganssle.io/articles/2021/10/setup-py-deprecated.html for details.
[6.240s]         ********************************************************************************
[6.240s] 
[6.241s] !!
[6.241s]   self.initialize_options()
[6.254s] running install_lib
[6.297s] creating /home/agilex/ros2_rubbishbot_ws/src/install/rubbishbot/lib/python3.8/site-packages/rubbishbot
[6.298s] copying /home/agilex/ros2_rubbishbot_ws/src/build/rubbishbot/build/lib/rubbishbot/mission_manager.py -> /home/agilex/ros2_rubbishbot_ws/src/install/rubbishbot/lib/python3.8/site-packages/rubbishbot
[6.299s] copying /home/agilex/ros2_rubbishbot_ws/src/build/rubbishbot/build/lib/rubbishbot/pose_setter.py -> /home/agilex/ros2_rubbishbot_ws/src/install/rubbishbot/lib/python3.8/site-packages/rubbishbot
[6.300s] copying /home/agilex/ros2_rubbishbot_ws/src/build/rubbishbot/build/lib/rubbishbot/__init__.py -> /home/agilex/ros2_rubbishbot_ws/src/install/rubbishbot/lib/python3.8/site-packages/rubbishbot
[6.300s] byte-compiling /home/agilex/ros2_rubbishbot_ws/src/install/rubbishbot/lib/python3.8/site-packages/rubbishbot/mission_manager.py to mission_manager.cpython-38.pyc
[6.300s] byte-compiling /home/agilex/ros2_rubbishbot_ws/src/install/rubbishbot/lib/python3.8/site-packages/rubbishbot/pose_setter.py to pose_setter.cpython-38.pyc
[6.302s] byte-compiling /home/agilex/ros2_rubbishbot_ws/src/install/rubbishbot/lib/python3.8/site-packages/rubbishbot/__init__.py to __init__.cpython-38.pyc
[6.303s] running install_data
[6.343s] creating /home/agilex/ros2_rubbishbot_ws/src/install/rubbishbot/share/ament_index
[6.346s] creating /home/agilex/ros2_rubbishbot_ws/src/install/rubbishbot/share/ament_index/resource_index
[6.346s] creating /home/agilex/ros2_rubbishbot_ws/src/install/rubbishbot/share/ament_index/resource_index/packages
[6.347s] copying resource/rubbishbot -> /home/agilex/ros2_rubbishbot_ws/src/install/rubbishbot/share/ament_index/resource_index/packages
[6.348s] copying package.xml -> /home/agilex/ros2_rubbishbot_ws/src/install/rubbishbot/share/rubbishbot
[6.349s] running install_egg_info
[6.396s] Copying ../build/rubbishbot/rubbishbot.egg-info to /home/agilex/ros2_rubbishbot_ws/src/install/rubbishbot/lib/python3.8/site-packages/rubbishbot-0.0.0-py3.8.egg-info
[6.398s] running install_scripts
[6.501s] Installing mission_manager script to /home/agilex/ros2_rubbishbot_ws/src/install/rubbishbot/lib/rubbishbot
[6.502s] writing list of installed files to '/home/agilex/ros2_rubbishbot_ws/src/build/rubbishbot/install.log'
[6.589s] Invoked command in '/home/agilex/ros2_rubbishbot_ws/src/rubbishbot' returned '0': PYTHONPATH=/home/agilex/ros2_rubbishbot_ws/src/build/rubbishbot/prefix_override:/home/agilex/ros2_rubbishbot_ws/src/install/rubbishbot/lib/python3.8/site-packages:${PYTHONPATH} /usr/bin/python3 setup.py egg_info --egg-base ../build/rubbishbot build --build-base /home/agilex/ros2_rubbishbot_ws/src/build/rubbishbot/build install --record /home/agilex/ros2_rubbishbot_ws/src/build/rubbishbot/install.log --install-scripts $base/lib/rubbishbot --single-version-externally-managed
