[3.082s] Invoking command in '/home/agilex/ros2_rubbishbot_ws/src/Trashbot/rubbishbot': PYTHONPATH=/home/agilex/ros2_rubbishbot_ws/src/Trashbot/build/rubbishbot/prefix_override:/home/agilex/ros2_rubbishbot_ws/src/Trashbot/install/rubbishbot/lib/python3.8/site-packages: /usr/bin/python3 setup.py egg_info --egg-base ../build/rubbishbot build --build-base /home/agilex/ros2_rubbishbot_ws/src/Trashbot/build/rubbishbot/build install --record /home/agilex/ros2_rubbishbot_ws/src/Trashbot/build/rubbishbot/install.log --install-scripts $base/lib/rubbishbot --single-version-externally-managed
[3.368s] /home/agilex/.local/lib/python3.8/site-packages/setuptools/dist.py:476: SetuptoolsDeprecationWarning: Invalid dash-separated options
[3.368s] !!
[3.368s] 
[3.369s]         ********************************************************************************
[3.369s]         Usage of dash-separated 'script-dir' will not be supported in future
[3.369s]         versions. Please use the underscore name 'script_dir' instead.
[3.369s] 
[3.369s]         This deprecation is overdue, please update your project and remove deprecated
[3.370s]         calls to avoid build errors in the future.
[3.370s] 
[3.370s]         See https://setuptools.pypa.io/en/latest/userguide/declarative_config.html for details.
[3.370s]         ********************************************************************************
[3.370s] 
[3.370s] !!
[3.370s]   opt = self.warn_dash_deprecation(opt, section)
[3.537s] running egg_info
[3.565s] writing ../build/rubbishbot/rubbishbot.egg-info/PKG-INFO
[3.566s] writing dependency_links to ../build/rubbishbot/rubbishbot.egg-info/dependency_links.txt
[3.566s] writing entry points to ../build/rubbishbot/rubbishbot.egg-info/entry_points.txt
[3.567s] writing requirements to ../build/rubbishbot/rubbishbot.egg-info/requires.txt
[3.567s] writing top-level names to ../build/rubbishbot/rubbishbot.egg-info/top_level.txt
[3.821s] reading manifest file '../build/rubbishbot/rubbishbot.egg-info/SOURCES.txt'
[3.823s] writing manifest file '../build/rubbishbot/rubbishbot.egg-info/SOURCES.txt'
[3.824s] running build
[3.824s] running build_py
[3.824s] copying rubbishbot/mission_manager.py -> /home/agilex/ros2_rubbishbot_ws/src/Trashbot/build/rubbishbot/build/lib/rubbishbot
[3.825s] copying rubbishbot/object_detector.py -> /home/agilex/ros2_rubbishbot_ws/src/Trashbot/build/rubbishbot/build/lib/rubbishbot
[3.825s] copying rubbishbot/pose_setter.py -> /home/agilex/ros2_rubbishbot_ws/src/Trashbot/build/rubbishbot/build/lib/rubbishbot
[3.826s] copying rubbishbot/__init__.py -> /home/agilex/ros2_rubbishbot_ws/src/Trashbot/build/rubbishbot/build/lib/rubbishbot
[3.826s] running install
[3.827s] /home/agilex/.local/lib/python3.8/site-packages/setuptools/_distutils/cmd.py:66: SetuptoolsDeprecationWarning: setup.py install is deprecated.
[3.827s] !!
[3.827s] 
[3.827s]         ********************************************************************************
[3.828s]         Please avoid running ``setup.py`` directly.
[3.828s]         Instead, use pypa/build, pypa/installer or other
[3.828s]         standards-based tools.
[3.828s] 
[3.829s]         See https://blog.ganssle.io/articles/2021/10/setup-py-deprecated.html for details.
[3.829s]         ********************************************************************************
[3.829s] 
[3.829s] !!
[3.830s]   self.initialize_options()
[3.838s] running install_lib
[3.867s] copying /home/agilex/ros2_rubbishbot_ws/src/Trashbot/build/rubbishbot/build/lib/rubbishbot/object_detector.py -> /home/agilex/ros2_rubbishbot_ws/src/Trashbot/install/rubbishbot/lib/python3.8/site-packages/rubbishbot
[3.868s] byte-compiling /home/agilex/ros2_rubbishbot_ws/src/Trashbot/install/rubbishbot/lib/python3.8/site-packages/rubbishbot/object_detector.py to object_detector.cpython-38.pyc
[3.872s] running install_data
[3.899s] copying resource/rubbishbot -> /home/agilex/ros2_rubbishbot_ws/src/Trashbot/install/rubbishbot/share/ament_index/resource_index/packages
[3.900s] copying package.xml -> /home/agilex/ros2_rubbishbot_ws/src/Trashbot/install/rubbishbot/share/rubbishbot
[3.900s] running install_egg_info
[3.929s] removing '/home/agilex/ros2_rubbishbot_ws/src/Trashbot/install/rubbishbot/lib/python3.8/site-packages/rubbishbot-0.0.0-py3.8.egg-info' (and everything under it)
[3.929s] Copying ../build/rubbishbot/rubbishbot.egg-info to /home/agilex/ros2_rubbishbot_ws/src/Trashbot/install/rubbishbot/lib/python3.8/site-packages/rubbishbot-0.0.0-py3.8.egg-info
[3.931s] running install_scripts
[4.002s] Installing detector script to /home/agilex/ros2_rubbishbot_ws/src/Trashbot/install/rubbishbot/lib/rubbishbot
[4.003s] Installing mission_manager script to /home/agilex/ros2_rubbishbot_ws/src/Trashbot/install/rubbishbot/lib/rubbishbot
[4.003s] Installing pose_setter script to /home/agilex/ros2_rubbishbot_ws/src/Trashbot/install/rubbishbot/lib/rubbishbot
[4.004s] writing list of installed files to '/home/agilex/ros2_rubbishbot_ws/src/Trashbot/build/rubbishbot/install.log'
[4.089s] Invoked command in '/home/agilex/ros2_rubbishbot_ws/src/Trashbot/rubbishbot' returned '0': PYTHONPATH=/home/agilex/ros2_rubbishbot_ws/src/Trashbot/build/rubbishbot/prefix_override:/home/agilex/ros2_rubbishbot_ws/src/Trashbot/install/rubbishbot/lib/python3.8/site-packages: /usr/bin/python3 setup.py egg_info --egg-base ../build/rubbishbot build --build-base /home/agilex/ros2_rubbishbot_ws/src/Trashbot/build/rubbishbot/build install --record /home/agilex/ros2_rubbishbot_ws/src/Trashbot/build/rubbishbot/install.log --install-scripts $base/lib/rubbishbot --single-version-externally-managed
