[11.284s] [34mcolcon[0m [1;30mDEBUG[0m [32mCommand line arguments: ['/usr/bin/colcon', 'build'][0m
[11.284s] [34mcolcon[0m [1;30mDEBUG[0m [32mParsed command line arguments: Namespace(allow_overriding=[], ament_cmake_args=None, base_paths=['.'], build_base='build', catkin_cmake_args=None, catkin_skip_building_tests=False, cmake_args=None, cmake_clean_cache=False, cmake_clean_first=False, cmake_force_configure=False, cmake_target=None, cmake_target_skip_unavailable=False, continue_on_error=False, event_handlers=None, executor='parallel', ignore_user_meta=False, install_base='install', log_base=None, log_level=None, main=<bound method BuildVerb.main of <colcon_core.verb.build.BuildVerb object at 0xffffa4639fd0>>, merge_install=False, metas=['./colcon.meta'], packages_above=None, packages_above_and_dependencies=None, packages_above_depth=None, packages_end=None, packages_ignore=None, packages_ignore_regex=None, packages_select=None, packages_select_build_failed=False, packages_select_by_dep=None, packages_select_regex=None, packages_select_test_failures=False, packages_skip=None, packages_skip_build_finished=False, packages_skip_by_dep=None, packages_skip_regex=None, packages_skip_test_passed=False, packages_skip_up_to=None, packages_start=None, packages_up_to=None, packages_up_to_regex=None, parallel_workers=6, paths=None, symlink_install=False, test_result_base=None, verb_extension=<colcon_core.verb.build.BuildVerb object at 0xffffa4639fd0>, verb_name='build', verb_parser=<colcon_defaults.argument_parser.defaults.DefaultArgumentsDecorator object at 0xffffa42d60a0>)[0m
[11.799s] [34mcolcon.colcon_core.package_discovery[0m [1;30mLevel 1[0m discover_packages(colcon_meta) check parameters
[11.799s] [34mcolcon.colcon_core.package_discovery[0m [1;30mLevel 1[0m discover_packages(recursive) check parameters
[11.799s] [34mcolcon.colcon_core.package_discovery[0m [1;30mLevel 1[0m discover_packages(ignore) check parameters
[11.799s] [34mcolcon.colcon_core.package_discovery[0m [1;30mLevel 1[0m discover_packages(path) check parameters
[11.799s] [34mcolcon.colcon_core.package_discovery[0m [1;30mLevel 1[0m discover_packages(colcon_meta) discover
[11.800s] [34mcolcon.colcon_core.package_discovery[0m [1;30mLevel 1[0m discover_packages(recursive) discover
[11.800s] [34mcolcon.colcon_core.package_discovery[0m [1;30mINFO[0m Crawling recursively for packages in '/home/agilex/ros2_rubbishbot_ws/src/Trashbot'
[11.800s] [34mcolcon.colcon_core.package_identification[0m [1;30mLevel 1[0m _identify(.) by extensions ['ignore', 'ignore_ament_install']
[11.800s] [34mcolcon.colcon_core.package_identification[0m [1;30mLevel 1[0m _identify(.) by extension 'ignore'
[11.800s] [34mcolcon.colcon_core.package_identification[0m [1;30mLevel 1[0m _identify(.) by extension 'ignore_ament_install'
[11.801s] [34mcolcon.colcon_core.package_identification[0m [1;30mLevel 1[0m _identify(.) by extensions ['colcon_pkg']
[11.801s] [34mcolcon.colcon_core.package_identification[0m [1;30mLevel 1[0m _identify(.) by extension 'colcon_pkg'
[11.801s] [34mcolcon.colcon_core.package_identification[0m [1;30mLevel 1[0m _identify(.) by extensions ['colcon_meta']
[11.801s] [34mcolcon.colcon_core.package_identification[0m [1;30mLevel 1[0m _identify(.) by extension 'colcon_meta'
[11.801s] [34mcolcon.colcon_core.package_identification[0m [1;30mLevel 1[0m _identify(.) by extensions ['ros']
[11.801s] [34mcolcon.colcon_core.package_identification[0m [1;30mLevel 1[0m _identify(.) by extension 'ros'
[11.831s] [34mcolcon.colcon_core.package_identification[0m [1;30mLevel 1[0m _identify(.) by extensions ['cmake', 'python']
[11.831s] [34mcolcon.colcon_core.package_identification[0m [1;30mLevel 1[0m _identify(.) by extension 'cmake'
[11.831s] [34mcolcon.colcon_core.package_identification[0m [1;30mLevel 1[0m _identify(.) by extension 'python'
[11.832s] [34mcolcon.colcon_core.package_identification[0m [1;30mLevel 1[0m _identify(.) by extensions ['python_setup_py']
[11.832s] [34mcolcon.colcon_core.package_identification[0m [1;30mLevel 1[0m _identify(.) by extension 'python_setup_py'
[11.832s] [34mcolcon.colcon_core.package_identification[0m [1;30mLevel 1[0m _identify(Log) by extensions ['ignore', 'ignore_ament_install']
[11.832s] [34mcolcon.colcon_core.package_identification[0m [1;30mLevel 1[0m _identify(Log) by extension 'ignore'
[11.832s] [34mcolcon.colcon_core.package_identification[0m [1;30mLevel 1[0m _identify(Log) by extension 'ignore_ament_install'
[11.833s] [34mcolcon.colcon_core.package_identification[0m [1;30mLevel 1[0m _identify(Log) by extensions ['colcon_pkg']
[11.833s] [34mcolcon.colcon_core.package_identification[0m [1;30mLevel 1[0m _identify(Log) by extension 'colcon_pkg'
[11.833s] [34mcolcon.colcon_core.package_identification[0m [1;30mLevel 1[0m _identify(Log) by extensions ['colcon_meta']
[11.833s] [34mcolcon.colcon_core.package_identification[0m [1;30mLevel 1[0m _identify(Log) by extension 'colcon_meta'
[11.833s] [34mcolcon.colcon_core.package_identification[0m [1;30mLevel 1[0m _identify(Log) by extensions ['ros']
[11.833s] [34mcolcon.colcon_core.package_identification[0m [1;30mLevel 1[0m _identify(Log) by extension 'ros'
[11.833s] [34mcolcon.colcon_core.package_identification[0m [1;30mLevel 1[0m _identify(Log) by extensions ['cmake', 'python']
[11.833s] [34mcolcon.colcon_core.package_identification[0m [1;30mLevel 1[0m _identify(Log) by extension 'cmake'
[11.833s] [34mcolcon.colcon_core.package_identification[0m [1;30mLevel 1[0m _identify(Log) by extension 'python'
[11.834s] [34mcolcon.colcon_core.package_identification[0m [1;30mLevel 1[0m _identify(Log) by extensions ['python_setup_py']
[11.834s] [34mcolcon.colcon_core.package_identification[0m [1;30mLevel 1[0m _identify(Log) by extension 'python_setup_py'
[11.834s] [34mcolcon.colcon_core.package_identification[0m [1;30mLevel 1[0m _identify(build) by extensions ['ignore', 'ignore_ament_install']
[11.834s] [34mcolcon.colcon_core.package_identification[0m [1;30mLevel 1[0m _identify(build) by extension 'ignore'
[11.834s] [34mcolcon.colcon_core.package_identification[0m [1;30mLevel 1[0m _identify(build) ignored
[11.834s] [34mcolcon.colcon_core.package_identification[0m [1;30mLevel 1[0m _identify(install) by extensions ['ignore', 'ignore_ament_install']
[11.835s] [34mcolcon.colcon_core.package_identification[0m [1;30mLevel 1[0m _identify(install) by extension 'ignore'
[11.835s] [34mcolcon.colcon_core.package_identification[0m [1;30mLevel 1[0m _identify(install) ignored
[11.835s] [34mcolcon.colcon_core.package_identification[0m [1;30mLevel 1[0m _identify(log) by extensions ['ignore', 'ignore_ament_install']
[11.835s] [34mcolcon.colcon_core.package_identification[0m [1;30mLevel 1[0m _identify(log) by extension 'ignore'
[11.835s] [34mcolcon.colcon_core.package_identification[0m [1;30mLevel 1[0m _identify(log) ignored
[11.835s] [34mcolcon.colcon_core.package_identification[0m [1;30mLevel 1[0m _identify(nav_handler) by extensions ['ignore', 'ignore_ament_install']
[11.836s] [34mcolcon.colcon_core.package_identification[0m [1;30mLevel 1[0m _identify(nav_handler) by extension 'ignore'
[11.836s] [34mcolcon.colcon_core.package_identification[0m [1;30mLevel 1[0m _identify(nav_handler) by extension 'ignore_ament_install'
[11.836s] [34mcolcon.colcon_core.package_identification[0m [1;30mLevel 1[0m _identify(nav_handler) by extensions ['colcon_pkg']
[11.836s] [34mcolcon.colcon_core.package_identification[0m [1;30mLevel 1[0m _identify(nav_handler) by extension 'colcon_pkg'
[11.836s] [34mcolcon.colcon_core.package_identification[0m [1;30mLevel 1[0m _identify(nav_handler) by extensions ['colcon_meta']
[11.836s] [34mcolcon.colcon_core.package_identification[0m [1;30mLevel 1[0m _identify(nav_handler) by extension 'colcon_meta'
[11.836s] [34mcolcon.colcon_core.package_identification[0m [1;30mLevel 1[0m _identify(nav_handler) by extensions ['ros']
[11.836s] [34mcolcon.colcon_core.package_identification[0m [1;30mLevel 1[0m _identify(nav_handler) by extension 'ros'
[11.837s] [34mcolcon.colcon_core.package_identification[0m [1;30mLevel 1[0m _identify(nav_handler) by extensions ['cmake', 'python']
[11.837s] [34mcolcon.colcon_core.package_identification[0m [1;30mLevel 1[0m _identify(nav_handler) by extension 'cmake'
[11.837s] [34mcolcon.colcon_core.package_identification[0m [1;30mLevel 1[0m _identify(nav_handler) by extension 'python'
[11.837s] [34mcolcon.colcon_core.package_identification[0m [1;30mLevel 1[0m _identify(nav_handler) by extensions ['python_setup_py']
[11.837s] [34mcolcon.colcon_core.package_identification[0m [1;30mLevel 1[0m _identify(nav_handler) by extension 'python_setup_py'
[11.837s] [34mcolcon.colcon_core.package_identification[0m [1;30mLevel 1[0m _identify(robot_navigation_tests) by extensions ['ignore', 'ignore_ament_install']
[11.837s] [34mcolcon.colcon_core.package_identification[0m [1;30mLevel 1[0m _identify(robot_navigation_tests) by extension 'ignore'
[11.837s] [34mcolcon.colcon_core.package_identification[0m [1;30mLevel 1[0m _identify(robot_navigation_tests) by extension 'ignore_ament_install'
[11.838s] [34mcolcon.colcon_core.package_identification[0m [1;30mLevel 1[0m _identify(robot_navigation_tests) by extensions ['colcon_pkg']
[11.838s] [34mcolcon.colcon_core.package_identification[0m [1;30mLevel 1[0m _identify(robot_navigation_tests) by extension 'colcon_pkg'
[11.838s] [34mcolcon.colcon_core.package_identification[0m [1;30mLevel 1[0m _identify(robot_navigation_tests) by extensions ['colcon_meta']
[11.838s] [34mcolcon.colcon_core.package_identification[0m [1;30mLevel 1[0m _identify(robot_navigation_tests) by extension 'colcon_meta'
[11.838s] [34mcolcon.colcon_core.package_identification[0m [1;30mLevel 1[0m _identify(robot_navigation_tests) by extensions ['ros']
[11.838s] [34mcolcon.colcon_core.package_identification[0m [1;30mLevel 1[0m _identify(robot_navigation_tests) by extension 'ros'
[11.838s] [34mcolcon.colcon_core.package_identification[0m [1;30mLevel 1[0m _identify(robot_navigation_tests) by extensions ['cmake', 'python']
[11.838s] [34mcolcon.colcon_core.package_identification[0m [1;30mLevel 1[0m _identify(robot_navigation_tests) by extension 'cmake'
[11.838s] [34mcolcon.colcon_core.package_identification[0m [1;30mLevel 1[0m _identify(robot_navigation_tests) by extension 'python'
[11.838s] [34mcolcon.colcon_core.package_identification[0m [1;30mLevel 1[0m _identify(robot_navigation_tests) by extensions ['python_setup_py']
[11.838s] [34mcolcon.colcon_core.package_identification[0m [1;30mLevel 1[0m _identify(robot_navigation_tests) by extension 'python_setup_py'
[11.839s] [34mcolcon.colcon_core.package_identification[0m [1;30mLevel 1[0m _identify(rubbishbot) by extensions ['ignore', 'ignore_ament_install']
[11.839s] [34mcolcon.colcon_core.package_identification[0m [1;30mLevel 1[0m _identify(rubbishbot) by extension 'ignore'
[11.839s] [34mcolcon.colcon_core.package_identification[0m [1;30mLevel 1[0m _identify(rubbishbot) by extension 'ignore_ament_install'
[11.839s] [34mcolcon.colcon_core.package_identification[0m [1;30mLevel 1[0m _identify(rubbishbot) by extensions ['colcon_pkg']
[11.839s] [34mcolcon.colcon_core.package_identification[0m [1;30mLevel 1[0m _identify(rubbishbot) by extension 'colcon_pkg'
[11.839s] [34mcolcon.colcon_core.package_identification[0m [1;30mLevel 1[0m _identify(rubbishbot) by extensions ['colcon_meta']
[11.839s] [34mcolcon.colcon_core.package_identification[0m [1;30mLevel 1[0m _identify(rubbishbot) by extension 'colcon_meta'
[11.839s] [34mcolcon.colcon_core.package_identification[0m [1;30mLevel 1[0m _identify(rubbishbot) by extensions ['ros']
[11.840s] [34mcolcon.colcon_core.package_identification[0m [1;30mLevel 1[0m _identify(rubbishbot) by extension 'ros'
[11.845s] [34mcolcon.colcon_core.package_identification[0m [1;30mDEBUG[0m [32mPackage 'rubbishbot' with type 'ros.ament_python' and name 'rubbishbot'[0m
[11.846s] [34mcolcon.colcon_core.package_identification[0m [1;30mLevel 1[0m _identify(src) by extensions ['ignore', 'ignore_ament_install']
[11.846s] [34mcolcon.colcon_core.package_identification[0m [1;30mLevel 1[0m _identify(src) by extension 'ignore'
[11.846s] [34mcolcon.colcon_core.package_identification[0m [1;30mLevel 1[0m _identify(src) by extension 'ignore_ament_install'
[11.846s] [34mcolcon.colcon_core.package_identification[0m [1;30mLevel 1[0m _identify(src) by extensions ['colcon_pkg']
[11.846s] [34mcolcon.colcon_core.package_identification[0m [1;30mLevel 1[0m _identify(src) by extension 'colcon_pkg'
[11.846s] [34mcolcon.colcon_core.package_identification[0m [1;30mLevel 1[0m _identify(src) by extensions ['colcon_meta']
[11.846s] [34mcolcon.colcon_core.package_identification[0m [1;30mLevel 1[0m _identify(src) by extension 'colcon_meta'
[11.846s] [34mcolcon.colcon_core.package_identification[0m [1;30mLevel 1[0m _identify(src) by extensions ['ros']
[11.847s] [34mcolcon.colcon_core.package_identification[0m [1;30mLevel 1[0m _identify(src) by extension 'ros'
[11.847s] [34mcolcon.colcon_core.package_identification[0m [1;30mLevel 1[0m _identify(src) by extensions ['cmake', 'python']
[11.847s] [34mcolcon.colcon_core.package_identification[0m [1;30mLevel 1[0m _identify(src) by extension 'cmake'
[11.847s] [34mcolcon.colcon_core.package_identification[0m [1;30mLevel 1[0m _identify(src) by extension 'python'
[11.847s] [34mcolcon.colcon_core.package_identification[0m [1;30mLevel 1[0m _identify(src) by extensions ['python_setup_py']
[11.847s] [34mcolcon.colcon_core.package_identification[0m [1;30mLevel 1[0m _identify(src) by extension 'python_setup_py'
[11.847s] [34mcolcon.colcon_core.package_discovery[0m [1;30mLevel 1[0m discover_packages(recursive) using defaults
[11.847s] [34mcolcon.colcon_core.package_discovery[0m [1;30mLevel 1[0m discover_packages(ignore) discover
[11.847s] [34mcolcon.colcon_core.package_discovery[0m [1;30mLevel 1[0m discover_packages(ignore) using defaults
[11.848s] [34mcolcon.colcon_core.package_discovery[0m [1;30mLevel 1[0m discover_packages(path) discover
[11.848s] [34mcolcon.colcon_core.package_discovery[0m [1;30mLevel 1[0m discover_packages(path) using defaults
[12.925s] [34mcolcon.colcon_core.package_discovery[0m [1;30mLevel 1[0m discover_packages(prefix_path) check parameters
[12.925s] [34mcolcon.colcon_core.package_discovery[0m [1;30mLevel 1[0m discover_packages(prefix_path) discover
[13.136s] [34mcolcon.colcon_core.package_discovery[0m [1;30mLevel 1[0m discover_packages(prefix_path) using defaults
[13.557s] [34mcolcon.colcon_core.verb[0m [1;30mLevel 5[0m set package 'rubbishbot' build argument 'cmake_args' from command line to 'None'
[13.557s] [34mcolcon.colcon_core.verb[0m [1;30mLevel 5[0m set package 'rubbishbot' build argument 'cmake_target' from command line to 'None'
[13.557s] [34mcolcon.colcon_core.verb[0m [1;30mLevel 5[0m set package 'rubbishbot' build argument 'cmake_target_skip_unavailable' from command line to 'False'
[13.557s] [34mcolcon.colcon_core.verb[0m [1;30mLevel 5[0m set package 'rubbishbot' build argument 'cmake_clean_cache' from command line to 'False'
[13.557s] [34mcolcon.colcon_core.verb[0m [1;30mLevel 5[0m set package 'rubbishbot' build argument 'cmake_clean_first' from command line to 'False'
[13.557s] [34mcolcon.colcon_core.verb[0m [1;30mLevel 5[0m set package 'rubbishbot' build argument 'cmake_force_configure' from command line to 'False'
[13.557s] [34mcolcon.colcon_core.verb[0m [1;30mLevel 5[0m set package 'rubbishbot' build argument 'ament_cmake_args' from command line to 'None'
[13.557s] [34mcolcon.colcon_core.verb[0m [1;30mLevel 5[0m set package 'rubbishbot' build argument 'catkin_cmake_args' from command line to 'None'
[13.557s] [34mcolcon.colcon_core.verb[0m [1;30mLevel 5[0m set package 'rubbishbot' build argument 'catkin_skip_building_tests' from command line to 'False'
[13.557s] [34mcolcon.colcon_core.verb[0m [1;30mDEBUG[0m [32mBuilding package 'rubbishbot' with the following arguments: {'ament_cmake_args': None, 'build_base': '/home/agilex/ros2_rubbishbot_ws/src/Trashbot/build/rubbishbot', 'catkin_cmake_args': None, 'catkin_skip_building_tests': False, 'cmake_args': None, 'cmake_clean_cache': False, 'cmake_clean_first': False, 'cmake_force_configure': False, 'cmake_target': None, 'cmake_target_skip_unavailable': False, 'install_base': '/home/agilex/ros2_rubbishbot_ws/src/Trashbot/install/rubbishbot', 'merge_install': False, 'path': '/home/agilex/ros2_rubbishbot_ws/src/Trashbot/rubbishbot', 'symlink_install': False, 'test_result_base': None}[0m
[13.766s] [34mcolcon.colcon_core.executor[0m [1;30mINFO[0m Executing jobs using 'parallel' executor
[13.977s] [34mcolcon.colcon_parallel_executor.executor.parallel[0m [1;30mDEBUG[0m [32mrun_until_complete[0m
[13.978s] [34mcolcon.colcon_ros.task.ament_python.build[0m [1;30mINFO[0m Building ROS package in '/home/agilex/ros2_rubbishbot_ws/src/Trashbot/rubbishbot' with build type 'ament_python'
[13.979s] [34mcolcon.colcon_core.shell[0m [1;30mLevel 1[0m create_environment_hook('rubbishbot', 'ament_prefix_path')
[14.201s] [34mcolcon.colcon_core.plugin_system[0m [1;30mINFO[0m Skipping extension 'colcon_core.shell.bat': Not used on non-Windows systems
[14.202s] [34mcolcon.colcon_core.shell[0m [1;30mINFO[0m Creating environment hook '/home/agilex/ros2_rubbishbot_ws/src/Trashbot/install/rubbishbot/share/rubbishbot/hook/ament_prefix_path.ps1'
[14.204s] [34mcolcon.colcon_core.shell[0m [1;30mINFO[0m Creating environment descriptor '/home/agilex/ros2_rubbishbot_ws/src/Trashbot/install/rubbishbot/share/rubbishbot/hook/ament_prefix_path.dsv'
[14.205s] [34mcolcon.colcon_core.shell[0m [1;30mINFO[0m Creating environment hook '/home/agilex/ros2_rubbishbot_ws/src/Trashbot/install/rubbishbot/share/rubbishbot/hook/ament_prefix_path.sh'
[14.422s] [34mcolcon.colcon_core.shell[0m [1;30mINFO[0m Skip shell extension 'powershell' for command environment: Not usable outside of PowerShell
[14.423s] [34mcolcon.colcon_core.shell[0m [1;30mDEBUG[0m [32mSkip shell extension 'dsv' for command environment[0m
[15.092s] [34mcolcon.colcon_core.task.python.build[0m [1;30mINFO[0m Building Python package in '/home/agilex/ros2_rubbishbot_ws/src/Trashbot/rubbishbot'
[15.319s] [34mcolcon.colcon_core.shell[0m [1;30mINFO[0m Skip shell extension 'powershell' for command environment: Not usable outside of PowerShell
[15.319s] [34mcolcon.colcon_core.shell[0m [1;30mDEBUG[0m [32mSkip shell extension 'dsv' for command environment[0m
[16.866s] [34mcolcon.colcon_core.event_handler.log_command[0m [1;30mDEBUG[0m [32mInvoking command in '/home/agilex/ros2_rubbishbot_ws/src/Trashbot/rubbishbot': PYTHONPATH=/home/agilex/ros2_rubbishbot_ws/src/Trashbot/build/rubbishbot/prefix_override:/home/agilex/ros2_rubbishbot_ws/src/Trashbot/install/rubbishbot/lib/python3.8/site-packages: /usr/bin/python3 setup.py egg_info --egg-base ../build/rubbishbot build --build-base /home/agilex/ros2_rubbishbot_ws/src/Trashbot/build/rubbishbot/build install --record /home/agilex/ros2_rubbishbot_ws/src/Trashbot/build/rubbishbot/install.log --install-scripts $base/lib/rubbishbot --single-version-externally-managed[0m
[17.853s] [34mcolcon.colcon_core.event_handler.log_command[0m [1;30mDEBUG[0m [32mInvoked command in '/home/agilex/ros2_rubbishbot_ws/src/Trashbot/rubbishbot' returned '0': PYTHONPATH=/home/agilex/ros2_rubbishbot_ws/src/Trashbot/build/rubbishbot/prefix_override:/home/agilex/ros2_rubbishbot_ws/src/Trashbot/install/rubbishbot/lib/python3.8/site-packages: /usr/bin/python3 setup.py egg_info --egg-base ../build/rubbishbot build --build-base /home/agilex/ros2_rubbishbot_ws/src/Trashbot/build/rubbishbot/build install --record /home/agilex/ros2_rubbishbot_ws/src/Trashbot/build/rubbishbot/install.log --install-scripts $base/lib/rubbishbot --single-version-externally-managed[0m
[18.096s] [34mcolcon.colcon_core.environment[0m [1;30mLevel 1[0m checking '/home/agilex/ros2_rubbishbot_ws/src/Trashbot/install/rubbishbot' for CMake module files
[18.097s] [34mcolcon.colcon_core.environment[0m [1;30mLevel 1[0m checking '/home/agilex/ros2_rubbishbot_ws/src/Trashbot/install/rubbishbot' for CMake config files
[18.099s] [34mcolcon.colcon_core.environment[0m [1;30mLevel 1[0m checking '/home/agilex/ros2_rubbishbot_ws/src/Trashbot/install/rubbishbot/lib'
[18.099s] [34mcolcon.colcon_core.environment[0m [1;30mLevel 1[0m checking '/home/agilex/ros2_rubbishbot_ws/src/Trashbot/install/rubbishbot/bin'
[18.099s] [34mcolcon.colcon_core.environment[0m [1;30mLevel 1[0m checking '/home/agilex/ros2_rubbishbot_ws/src/Trashbot/install/rubbishbot/lib/pkgconfig/rubbishbot.pc'
[18.100s] [34mcolcon.colcon_core.environment[0m [1;30mLevel 1[0m checking '/home/agilex/ros2_rubbishbot_ws/src/Trashbot/install/rubbishbot/lib/python3.8/site-packages'
[18.100s] [34mcolcon.colcon_core.shell[0m [1;30mLevel 1[0m create_environment_hook('rubbishbot', 'pythonpath')
[18.317s] [34mcolcon.colcon_core.shell[0m [1;30mINFO[0m Creating environment hook '/home/agilex/ros2_rubbishbot_ws/src/Trashbot/install/rubbishbot/share/rubbishbot/hook/pythonpath.ps1'
[18.318s] [34mcolcon.colcon_core.shell[0m [1;30mINFO[0m Creating environment descriptor '/home/agilex/ros2_rubbishbot_ws/src/Trashbot/install/rubbishbot/share/rubbishbot/hook/pythonpath.dsv'
[18.319s] [34mcolcon.colcon_core.shell[0m [1;30mINFO[0m Creating environment hook '/home/agilex/ros2_rubbishbot_ws/src/Trashbot/install/rubbishbot/share/rubbishbot/hook/pythonpath.sh'
[18.320s] [34mcolcon.colcon_core.environment[0m [1;30mLevel 1[0m checking '/home/agilex/ros2_rubbishbot_ws/src/Trashbot/install/rubbishbot/bin'
[18.320s] [34mcolcon.colcon_core.environment[0m [1;30mLevel 1[0m create_environment_scripts_only(rubbishbot)
[18.539s] [34mcolcon.colcon_core.shell[0m [1;30mINFO[0m Creating package script '/home/agilex/ros2_rubbishbot_ws/src/Trashbot/install/rubbishbot/share/rubbishbot/package.ps1'
[18.541s] [34mcolcon.colcon_core.shell[0m [1;30mINFO[0m Creating package descriptor '/home/agilex/ros2_rubbishbot_ws/src/Trashbot/install/rubbishbot/share/rubbishbot/package.dsv'
[18.542s] [34mcolcon.colcon_core.shell[0m [1;30mINFO[0m Creating package script '/home/agilex/ros2_rubbishbot_ws/src/Trashbot/install/rubbishbot/share/rubbishbot/package.sh'
[18.544s] [34mcolcon.colcon_core.shell[0m [1;30mINFO[0m Creating package script '/home/agilex/ros2_rubbishbot_ws/src/Trashbot/install/rubbishbot/share/rubbishbot/package.bash'
[18.546s] [34mcolcon.colcon_core.shell[0m [1;30mINFO[0m Creating package script '/home/agilex/ros2_rubbishbot_ws/src/Trashbot/install/rubbishbot/share/rubbishbot/package.zsh'
[18.547s] [34mcolcon.colcon_core.environment[0m [1;30mLevel 1[0m create_file_with_runtime_dependencies(/home/agilex/ros2_rubbishbot_ws/src/Trashbot/install/rubbishbot/share/colcon-core/packages/rubbishbot)
[18.549s] [34mcolcon.colcon_parallel_executor.executor.parallel[0m [1;30mDEBUG[0m [32mclosing loop[0m
[18.550s] [34mcolcon.colcon_parallel_executor.executor.parallel[0m [1;30mDEBUG[0m [32mloop closed[0m
[18.550s] [34mcolcon.colcon_parallel_executor.executor.parallel[0m [1;30mDEBUG[0m [32mrun_until_complete finished with '0'[0m
[18.551s] [34mcolcon.colcon_core.event_reactor[0m [1;30mDEBUG[0m [32mjoining thread[0m
[18.780s] [34mcolcon.colcon_core.plugin_system[0m [1;30mINFO[0m Skipping extension 'colcon_notification.desktop_notification.terminal_notifier': Not used on non-Darwin systems
[18.780s] [34mcolcon.colcon_core.plugin_system[0m [1;30mINFO[0m Skipping extension 'colcon_notification.desktop_notification.win32': Not used on non-Windows systems
[18.781s] [34mcolcon.colcon_notification.desktop_notification[0m [1;30mINFO[0m Sending desktop notification using 'notify2'
[18.815s] [34mcolcon.colcon_core.event_reactor[0m [1;30mDEBUG[0m [32mjoined thread[0m
[19.034s] [34mcolcon.colcon_core.shell[0m [1;30mINFO[0m Creating prefix script '/home/agilex/ros2_rubbishbot_ws/src/Trashbot/install/local_setup.ps1'
[19.036s] [34mcolcon.colcon_core.shell[0m [1;30mINFO[0m Creating prefix util module '/home/agilex/ros2_rubbishbot_ws/src/Trashbot/install/_local_setup_util_ps1.py'
[19.038s] [34mcolcon.colcon_core.shell[0m [1;30mINFO[0m Creating prefix chain script '/home/agilex/ros2_rubbishbot_ws/src/Trashbot/install/setup.ps1'
[19.251s] [34mcolcon.colcon_core.shell[0m [1;30mINFO[0m Creating prefix script '/home/agilex/ros2_rubbishbot_ws/src/Trashbot/install/local_setup.sh'
[19.253s] [34mcolcon.colcon_core.shell[0m [1;30mINFO[0m Creating prefix util module '/home/agilex/ros2_rubbishbot_ws/src/Trashbot/install/_local_setup_util_sh.py'
[19.254s] [34mcolcon.colcon_core.shell[0m [1;30mINFO[0m Creating prefix chain script '/home/agilex/ros2_rubbishbot_ws/src/Trashbot/install/setup.sh'
[19.466s] [34mcolcon.colcon_core.shell[0m [1;30mINFO[0m Creating prefix script '/home/agilex/ros2_rubbishbot_ws/src/Trashbot/install/local_setup.bash'
[19.467s] [34mcolcon.colcon_core.shell[0m [1;30mINFO[0m Creating prefix chain script '/home/agilex/ros2_rubbishbot_ws/src/Trashbot/install/setup.bash'
[19.678s] [34mcolcon.colcon_core.shell[0m [1;30mINFO[0m Creating prefix script '/home/agilex/ros2_rubbishbot_ws/src/Trashbot/install/local_setup.zsh'
[19.679s] [34mcolcon.colcon_core.shell[0m [1;30mINFO[0m Creating prefix chain script '/home/agilex/ros2_rubbishbot_ws/src/Trashbot/install/setup.zsh'
