[15.301s] [34mcolcon[0m [1;30mDEBUG[0m [32mCommand line arguments: ['/usr/bin/colcon', 'build'][0m
[15.301s] [34mcolcon[0m [1;30mDEBUG[0m [32mParsed command line arguments: Namespace(allow_overriding=[], ament_cmake_args=None, base_paths=['.'], build_base='build', catkin_cmake_args=None, catkin_skip_building_tests=False, cmake_args=None, cmake_clean_cache=False, cmake_clean_first=False, cmake_force_configure=False, cmake_target=None, cmake_target_skip_unavailable=False, continue_on_error=False, event_handlers=None, executor='parallel', ignore_user_meta=False, install_base='install', log_base=None, log_level=None, main=<bound method BuildVerb.main of <colcon_core.verb.build.BuildVerb object at 0xffff8c622280>>, merge_install=False, metas=['./colcon.meta'], packages_above=None, packages_above_and_dependencies=None, packages_above_depth=None, packages_end=None, packages_ignore=None, packages_ignore_regex=None, packages_select=None, packages_select_build_failed=False, packages_select_by_dep=None, packages_select_regex=None, packages_select_test_failures=False, packages_skip=None, packages_skip_build_finished=False, packages_skip_by_dep=None, packages_skip_regex=None, packages_skip_test_passed=False, packages_skip_up_to=None, packages_start=None, packages_up_to=None, packages_up_to_regex=None, parallel_workers=6, paths=None, symlink_install=False, test_result_base=None, verb_extension=<colcon_core.verb.build.BuildVerb object at 0xffff8c622280>, verb_name='build', verb_parser=<colcon_defaults.argument_parser.defaults.DefaultArgumentsDecorator object at 0xffff8c295580>)[0m
[15.956s] [34mcolcon.colcon_core.package_discovery[0m [1;30mLevel 1[0m discover_packages(colcon_meta) check parameters
[15.958s] [34mcolcon.colcon_core.package_discovery[0m [1;30mLevel 1[0m discover_packages(recursive) check parameters
[15.958s] [34mcolcon.colcon_core.package_discovery[0m [1;30mLevel 1[0m discover_packages(ignore) check parameters
[15.958s] [34mcolcon.colcon_core.package_discovery[0m [1;30mLevel 1[0m discover_packages(path) check parameters
[15.958s] [34mcolcon.colcon_core.package_discovery[0m [1;30mLevel 1[0m discover_packages(colcon_meta) discover
[15.959s] [34mcolcon.colcon_core.package_discovery[0m [1;30mLevel 1[0m discover_packages(recursive) discover
[15.959s] [34mcolcon.colcon_core.package_discovery[0m [1;30mINFO[0m Crawling recursively for packages in '/home/agilex/ros2_rubbishbot_ws/src'
[15.960s] [34mcolcon.colcon_core.package_identification[0m [1;30mLevel 1[0m _identify(.) by extensions ['ignore', 'ignore_ament_install']
[15.960s] [34mcolcon.colcon_core.package_identification[0m [1;30mLevel 1[0m _identify(.) by extension 'ignore'
[15.960s] [34mcolcon.colcon_core.package_identification[0m [1;30mLevel 1[0m _identify(.) by extension 'ignore_ament_install'
[15.961s] [34mcolcon.colcon_core.package_identification[0m [1;30mLevel 1[0m _identify(.) by extensions ['colcon_pkg']
[15.961s] [34mcolcon.colcon_core.package_identification[0m [1;30mLevel 1[0m _identify(.) by extension 'colcon_pkg'
[15.961s] [34mcolcon.colcon_core.package_identification[0m [1;30mLevel 1[0m _identify(.) by extensions ['colcon_meta']
[15.961s] [34mcolcon.colcon_core.package_identification[0m [1;30mLevel 1[0m _identify(.) by extension 'colcon_meta'
[15.962s] [34mcolcon.colcon_core.package_identification[0m [1;30mLevel 1[0m _identify(.) by extensions ['ros']
[15.962s] [34mcolcon.colcon_core.package_identification[0m [1;30mLevel 1[0m _identify(.) by extension 'ros'
[15.993s] [34mcolcon.colcon_core.package_identification[0m [1;30mLevel 1[0m _identify(.) by extensions ['cmake', 'python']
[15.994s] [34mcolcon.colcon_core.package_identification[0m [1;30mLevel 1[0m _identify(.) by extension 'cmake'
[15.994s] [34mcolcon.colcon_core.package_identification[0m [1;30mLevel 1[0m _identify(.) by extension 'python'
[15.995s] [34mcolcon.colcon_core.package_identification[0m [1;30mLevel 1[0m _identify(.) by extensions ['python_setup_py']
[15.995s] [34mcolcon.colcon_core.package_identification[0m [1;30mLevel 1[0m _identify(.) by extension 'python_setup_py'
[15.995s] [34mcolcon.colcon_core.package_identification[0m [1;30mLevel 1[0m _identify(build) by extensions ['ignore', 'ignore_ament_install']
[15.996s] [34mcolcon.colcon_core.package_identification[0m [1;30mLevel 1[0m _identify(build) by extension 'ignore'
[15.996s] [34mcolcon.colcon_core.package_identification[0m [1;30mLevel 1[0m _identify(build) ignored
[15.997s] [34mcolcon.colcon_core.package_identification[0m [1;30mLevel 1[0m _identify(install) by extensions ['ignore', 'ignore_ament_install']
[15.997s] [34mcolcon.colcon_core.package_identification[0m [1;30mLevel 1[0m _identify(install) by extension 'ignore'
[15.997s] [34mcolcon.colcon_core.package_identification[0m [1;30mLevel 1[0m _identify(install) ignored
[15.998s] [34mcolcon.colcon_core.package_identification[0m [1;30mLevel 1[0m _identify(log) by extensions ['ignore', 'ignore_ament_install']
[15.998s] [34mcolcon.colcon_core.package_identification[0m [1;30mLevel 1[0m _identify(log) by extension 'ignore'
[15.998s] [34mcolcon.colcon_core.package_identification[0m [1;30mLevel 1[0m _identify(log) ignored
[15.999s] [34mcolcon.colcon_core.package_identification[0m [1;30mLevel 1[0m _identify(robot_navigation_tests) by extensions ['ignore', 'ignore_ament_install']
[15.999s] [34mcolcon.colcon_core.package_identification[0m [1;30mLevel 1[0m _identify(robot_navigation_tests) by extension 'ignore'
[15.999s] [34mcolcon.colcon_core.package_identification[0m [1;30mLevel 1[0m _identify(robot_navigation_tests) by extension 'ignore_ament_install'
[15.999s] [34mcolcon.colcon_core.package_identification[0m [1;30mLevel 1[0m _identify(robot_navigation_tests) by extensions ['colcon_pkg']
[16.000s] [34mcolcon.colcon_core.package_identification[0m [1;30mLevel 1[0m _identify(robot_navigation_tests) by extension 'colcon_pkg'
[16.000s] [34mcolcon.colcon_core.package_identification[0m [1;30mLevel 1[0m _identify(robot_navigation_tests) by extensions ['colcon_meta']
[16.000s] [34mcolcon.colcon_core.package_identification[0m [1;30mLevel 1[0m _identify(robot_navigation_tests) by extension 'colcon_meta'
[16.001s] [34mcolcon.colcon_core.package_identification[0m [1;30mLevel 1[0m _identify(robot_navigation_tests) by extensions ['ros']
[16.001s] [34mcolcon.colcon_core.package_identification[0m [1;30mLevel 1[0m _identify(robot_navigation_tests) by extension 'ros'
[16.001s] [34mcolcon.colcon_core.package_identification[0m [1;30mLevel 1[0m _identify(robot_navigation_tests) by extensions ['cmake', 'python']
[16.001s] [34mcolcon.colcon_core.package_identification[0m [1;30mLevel 1[0m _identify(robot_navigation_tests) by extension 'cmake'
[16.001s] [34mcolcon.colcon_core.package_identification[0m [1;30mLevel 1[0m _identify(robot_navigation_tests) by extension 'python'
[16.002s] [34mcolcon.colcon_core.package_identification[0m [1;30mLevel 1[0m _identify(robot_navigation_tests) by extensions ['python_setup_py']
[16.002s] [34mcolcon.colcon_core.package_identification[0m [1;30mLevel 1[0m _identify(robot_navigation_tests) by extension 'python_setup_py'
[16.002s] [34mcolcon.colcon_core.package_identification[0m [1;30mLevel 1[0m _identify(robot_navigation_tests/nav_handler) by extensions ['ignore', 'ignore_ament_install']
[16.003s] [34mcolcon.colcon_core.package_identification[0m [1;30mLevel 1[0m _identify(robot_navigation_tests/nav_handler) by extension 'ignore'
[16.003s] [34mcolcon.colcon_core.package_identification[0m [1;30mLevel 1[0m _identify(robot_navigation_tests/nav_handler) by extension 'ignore_ament_install'
[16.003s] [34mcolcon.colcon_core.package_identification[0m [1;30mLevel 1[0m _identify(robot_navigation_tests/nav_handler) by extensions ['colcon_pkg']
[16.003s] [34mcolcon.colcon_core.package_identification[0m [1;30mLevel 1[0m _identify(robot_navigation_tests/nav_handler) by extension 'colcon_pkg'
[16.003s] [34mcolcon.colcon_core.package_identification[0m [1;30mLevel 1[0m _identify(robot_navigation_tests/nav_handler) by extensions ['colcon_meta']
[16.003s] [34mcolcon.colcon_core.package_identification[0m [1;30mLevel 1[0m _identify(robot_navigation_tests/nav_handler) by extension 'colcon_meta'
[16.004s] [34mcolcon.colcon_core.package_identification[0m [1;30mLevel 1[0m _identify(robot_navigation_tests/nav_handler) by extensions ['ros']
[16.004s] [34mcolcon.colcon_core.package_identification[0m [1;30mLevel 1[0m _identify(robot_navigation_tests/nav_handler) by extension 'ros'
[16.004s] [34mcolcon.colcon_core.package_identification[0m [1;30mLevel 1[0m _identify(robot_navigation_tests/nav_handler) by extensions ['cmake', 'python']
[16.004s] [34mcolcon.colcon_core.package_identification[0m [1;30mLevel 1[0m _identify(robot_navigation_tests/nav_handler) by extension 'cmake'
[16.005s] [34mcolcon.colcon_core.package_identification[0m [1;30mLevel 1[0m _identify(robot_navigation_tests/nav_handler) by extension 'python'
[16.005s] [34mcolcon.colcon_core.package_identification[0m [1;30mLevel 1[0m _identify(robot_navigation_tests/nav_handler) by extensions ['python_setup_py']
[16.005s] [34mcolcon.colcon_core.package_identification[0m [1;30mLevel 1[0m _identify(robot_navigation_tests/nav_handler) by extension 'python_setup_py'
[16.006s] [34mcolcon.colcon_core.package_identification[0m [1;30mLevel 1[0m _identify(rubbishbot) by extensions ['ignore', 'ignore_ament_install']
[16.006s] [34mcolcon.colcon_core.package_identification[0m [1;30mLevel 1[0m _identify(rubbishbot) by extension 'ignore'
[16.006s] [34mcolcon.colcon_core.package_identification[0m [1;30mLevel 1[0m _identify(rubbishbot) by extension 'ignore_ament_install'
[16.007s] [34mcolcon.colcon_core.package_identification[0m [1;30mLevel 1[0m _identify(rubbishbot) by extensions ['colcon_pkg']
[16.007s] [34mcolcon.colcon_core.package_identification[0m [1;30mLevel 1[0m _identify(rubbishbot) by extension 'colcon_pkg'
[16.007s] [34mcolcon.colcon_core.package_identification[0m [1;30mLevel 1[0m _identify(rubbishbot) by extensions ['colcon_meta']
[16.007s] [34mcolcon.colcon_core.package_identification[0m [1;30mLevel 1[0m _identify(rubbishbot) by extension 'colcon_meta'
[16.007s] [34mcolcon.colcon_core.package_identification[0m [1;30mLevel 1[0m _identify(rubbishbot) by extensions ['ros']
[16.007s] [34mcolcon.colcon_core.package_identification[0m [1;30mLevel 1[0m _identify(rubbishbot) by extension 'ros'
[16.013s] [34mcolcon.colcon_core.package_identification[0m [1;30mDEBUG[0m [32mPackage 'rubbishbot' with type 'ros.ament_python' and name 'rubbishbot'[0m
[16.014s] [34mcolcon.colcon_core.package_identification[0m [1;30mLevel 1[0m _identify(src) by extensions ['ignore', 'ignore_ament_install']
[16.014s] [34mcolcon.colcon_core.package_identification[0m [1;30mLevel 1[0m _identify(src) by extension 'ignore'
[16.014s] [34mcolcon.colcon_core.package_identification[0m [1;30mLevel 1[0m _identify(src) by extension 'ignore_ament_install'
[16.015s] [34mcolcon.colcon_core.package_identification[0m [1;30mLevel 1[0m _identify(src) by extensions ['colcon_pkg']
[16.015s] [34mcolcon.colcon_core.package_identification[0m [1;30mLevel 1[0m _identify(src) by extension 'colcon_pkg'
[16.015s] [34mcolcon.colcon_core.package_identification[0m [1;30mLevel 1[0m _identify(src) by extensions ['colcon_meta']
[16.016s] [34mcolcon.colcon_core.package_identification[0m [1;30mLevel 1[0m _identify(src) by extension 'colcon_meta'
[16.016s] [34mcolcon.colcon_core.package_identification[0m [1;30mLevel 1[0m _identify(src) by extensions ['ros']
[16.016s] [34mcolcon.colcon_core.package_identification[0m [1;30mLevel 1[0m _identify(src) by extension 'ros'
[16.017s] [34mcolcon.colcon_core.package_identification[0m [1;30mLevel 1[0m _identify(src) by extensions ['cmake', 'python']
[16.017s] [34mcolcon.colcon_core.package_identification[0m [1;30mLevel 1[0m _identify(src) by extension 'cmake'
[16.018s] [34mcolcon.colcon_core.package_identification[0m [1;30mLevel 1[0m _identify(src) by extension 'python'
[16.018s] [34mcolcon.colcon_core.package_identification[0m [1;30mLevel 1[0m _identify(src) by extensions ['python_setup_py']
[16.019s] [34mcolcon.colcon_core.package_identification[0m [1;30mLevel 1[0m _identify(src) by extension 'python_setup_py'
[16.019s] [34mcolcon.colcon_core.package_discovery[0m [1;30mLevel 1[0m discover_packages(recursive) using defaults
[16.019s] [34mcolcon.colcon_core.package_discovery[0m [1;30mLevel 1[0m discover_packages(ignore) discover
[16.020s] [34mcolcon.colcon_core.package_discovery[0m [1;30mLevel 1[0m discover_packages(ignore) using defaults
[16.020s] [34mcolcon.colcon_core.package_discovery[0m [1;30mLevel 1[0m discover_packages(path) discover
[16.020s] [34mcolcon.colcon_core.package_discovery[0m [1;30mLevel 1[0m discover_packages(path) using defaults
[17.335s] [34mcolcon.colcon_core.package_discovery[0m [1;30mLevel 1[0m discover_packages(prefix_path) check parameters
[17.336s] [34mcolcon.colcon_core.package_discovery[0m [1;30mLevel 1[0m discover_packages(prefix_path) discover
[17.873s] [34mcolcon.colcon_installed_package_information.package_discovery[0m [1;30mDEBUG[0m [32mFound 1 installed packages in /home/agilex/ros2_rubbishbot_ws/src/install[0m
[18.143s] [34mcolcon.colcon_installed_package_information.package_discovery[0m [1;30mDEBUG[0m [32mFound 73 installed packages in /home/agilex/limo_ros2_ws/install[0m
[18.420s] [34mcolcon.colcon_installed_package_information.package_discovery[0m [1;30mDEBUG[0m [32mFound 358 installed packages in /opt/ros/foxy[0m
[18.428s] [34mcolcon.colcon_core.package_discovery[0m [1;30mLevel 1[0m discover_packages(prefix_path) using defaults
[19.121s] [34mcolcon.colcon_core.verb[0m [1;30mLevel 5[0m set package 'rubbishbot' build argument 'cmake_args' from command line to 'None'
[19.121s] [34mcolcon.colcon_core.verb[0m [1;30mLevel 5[0m set package 'rubbishbot' build argument 'cmake_target' from command line to 'None'
[19.121s] [34mcolcon.colcon_core.verb[0m [1;30mLevel 5[0m set package 'rubbishbot' build argument 'cmake_target_skip_unavailable' from command line to 'False'
[19.122s] [34mcolcon.colcon_core.verb[0m [1;30mLevel 5[0m set package 'rubbishbot' build argument 'cmake_clean_cache' from command line to 'False'
[19.122s] [34mcolcon.colcon_core.verb[0m [1;30mLevel 5[0m set package 'rubbishbot' build argument 'cmake_clean_first' from command line to 'False'
[19.122s] [34mcolcon.colcon_core.verb[0m [1;30mLevel 5[0m set package 'rubbishbot' build argument 'cmake_force_configure' from command line to 'False'
[19.122s] [34mcolcon.colcon_core.verb[0m [1;30mLevel 5[0m set package 'rubbishbot' build argument 'ament_cmake_args' from command line to 'None'
[19.122s] [34mcolcon.colcon_core.verb[0m [1;30mLevel 5[0m set package 'rubbishbot' build argument 'catkin_cmake_args' from command line to 'None'
[19.122s] [34mcolcon.colcon_core.verb[0m [1;30mLevel 5[0m set package 'rubbishbot' build argument 'catkin_skip_building_tests' from command line to 'False'
[19.122s] [34mcolcon.colcon_core.verb[0m [1;30mDEBUG[0m [32mBuilding package 'rubbishbot' with the following arguments: {'ament_cmake_args': None, 'build_base': '/home/agilex/ros2_rubbishbot_ws/src/build/rubbishbot', 'catkin_cmake_args': None, 'catkin_skip_building_tests': False, 'cmake_args': None, 'cmake_clean_cache': False, 'cmake_clean_first': False, 'cmake_force_configure': False, 'cmake_target': None, 'cmake_target_skip_unavailable': False, 'install_base': '/home/agilex/ros2_rubbishbot_ws/src/install/rubbishbot', 'merge_install': False, 'path': '/home/agilex/ros2_rubbishbot_ws/src/rubbishbot', 'symlink_install': False, 'test_result_base': None}[0m
[19.384s] [34mcolcon.colcon_core.executor[0m [1;30mINFO[0m Executing jobs using 'parallel' executor
[19.659s] [34mcolcon.colcon_parallel_executor.executor.parallel[0m [1;30mDEBUG[0m [32mrun_until_complete[0m
[19.660s] [34mcolcon.colcon_ros.task.ament_python.build[0m [1;30mINFO[0m Building ROS package in '/home/agilex/ros2_rubbishbot_ws/src/rubbishbot' with build type 'ament_python'
[19.661s] [34mcolcon.colcon_core.shell[0m [1;30mLevel 1[0m create_environment_hook('rubbishbot', 'ament_prefix_path')
[19.965s] [34mcolcon.colcon_core.plugin_system[0m [1;30mINFO[0m Skipping extension 'colcon_core.shell.bat': Not used on non-Windows systems
[19.966s] [34mcolcon.colcon_core.shell[0m [1;30mINFO[0m Creating environment hook '/home/agilex/ros2_rubbishbot_ws/src/install/rubbishbot/share/rubbishbot/hook/ament_prefix_path.ps1'
[19.967s] [34mcolcon.colcon_core.shell[0m [1;30mINFO[0m Creating environment descriptor '/home/agilex/ros2_rubbishbot_ws/src/install/rubbishbot/share/rubbishbot/hook/ament_prefix_path.dsv'
[19.968s] [34mcolcon.colcon_core.shell[0m [1;30mINFO[0m Creating environment hook '/home/agilex/ros2_rubbishbot_ws/src/install/rubbishbot/share/rubbishbot/hook/ament_prefix_path.sh'
[20.278s] [34mcolcon.colcon_core.shell[0m [1;30mINFO[0m Skip shell extension 'powershell' for command environment: Not usable outside of PowerShell
[20.278s] [34mcolcon.colcon_core.shell[0m [1;30mDEBUG[0m [32mSkip shell extension 'dsv' for command environment[0m
[22.331s] [34mcolcon.colcon_core.task.python.build[0m [1;30mINFO[0m Building Python package in '/home/agilex/ros2_rubbishbot_ws/src/rubbishbot'
[22.637s] [34mcolcon.colcon_core.shell[0m [1;30mINFO[0m Skip shell extension 'powershell' for command environment: Not usable outside of PowerShell
[22.638s] [34mcolcon.colcon_core.shell[0m [1;30mDEBUG[0m [32mSkip shell extension 'dsv' for command environment[0m
[25.899s] [34mcolcon.colcon_core.event_handler.log_command[0m [1;30mDEBUG[0m [32mInvoking command in '/home/agilex/ros2_rubbishbot_ws/src/rubbishbot': PYTHONPATH=/home/agilex/ros2_rubbishbot_ws/src/build/rubbishbot/prefix_override:/home/agilex/ros2_rubbishbot_ws/src/install/rubbishbot/lib/python3.8/site-packages:${PYTHONPATH} /usr/bin/python3 setup.py egg_info --egg-base ../build/rubbishbot build --build-base /home/agilex/ros2_rubbishbot_ws/src/build/rubbishbot/build install --record /home/agilex/ros2_rubbishbot_ws/src/build/rubbishbot/install.log --install-scripts $base/lib/rubbishbot --single-version-externally-managed[0m
[27.654s] [34mcolcon.colcon_core.event_handler.log_command[0m [1;30mDEBUG[0m [32mInvoked command in '/home/agilex/ros2_rubbishbot_ws/src/rubbishbot' returned '0': PYTHONPATH=/home/agilex/ros2_rubbishbot_ws/src/build/rubbishbot/prefix_override:/home/agilex/ros2_rubbishbot_ws/src/install/rubbishbot/lib/python3.8/site-packages:${PYTHONPATH} /usr/bin/python3 setup.py egg_info --egg-base ../build/rubbishbot build --build-base /home/agilex/ros2_rubbishbot_ws/src/build/rubbishbot/build install --record /home/agilex/ros2_rubbishbot_ws/src/build/rubbishbot/install.log --install-scripts $base/lib/rubbishbot --single-version-externally-managed[0m
[27.939s] [34mcolcon.colcon_core.environment[0m [1;30mLevel 1[0m checking '/home/agilex/ros2_rubbishbot_ws/src/install/rubbishbot' for CMake module files
[27.940s] [34mcolcon.colcon_core.environment[0m [1;30mLevel 1[0m checking '/home/agilex/ros2_rubbishbot_ws/src/install/rubbishbot' for CMake config files
[27.942s] [34mcolcon.colcon_core.environment[0m [1;30mLevel 1[0m checking '/home/agilex/ros2_rubbishbot_ws/src/install/rubbishbot/lib'
[27.942s] [34mcolcon.colcon_core.environment[0m [1;30mLevel 1[0m checking '/home/agilex/ros2_rubbishbot_ws/src/install/rubbishbot/bin'
[27.942s] [34mcolcon.colcon_core.environment[0m [1;30mLevel 1[0m checking '/home/agilex/ros2_rubbishbot_ws/src/install/rubbishbot/lib/pkgconfig/rubbishbot.pc'
[27.943s] [34mcolcon.colcon_core.environment[0m [1;30mLevel 1[0m checking '/home/agilex/ros2_rubbishbot_ws/src/install/rubbishbot/lib/python3.8/site-packages'
[27.943s] [34mcolcon.colcon_core.shell[0m [1;30mLevel 1[0m create_environment_hook('rubbishbot', 'pythonpath')
[28.227s] [34mcolcon.colcon_core.shell[0m [1;30mINFO[0m Creating environment hook '/home/agilex/ros2_rubbishbot_ws/src/install/rubbishbot/share/rubbishbot/hook/pythonpath.ps1'
[28.229s] [34mcolcon.colcon_core.shell[0m [1;30mINFO[0m Creating environment descriptor '/home/agilex/ros2_rubbishbot_ws/src/install/rubbishbot/share/rubbishbot/hook/pythonpath.dsv'
[28.229s] [34mcolcon.colcon_core.shell[0m [1;30mINFO[0m Creating environment hook '/home/agilex/ros2_rubbishbot_ws/src/install/rubbishbot/share/rubbishbot/hook/pythonpath.sh'
[28.231s] [34mcolcon.colcon_core.environment[0m [1;30mLevel 1[0m checking '/home/agilex/ros2_rubbishbot_ws/src/install/rubbishbot/bin'
[28.231s] [34mcolcon.colcon_core.environment[0m [1;30mLevel 1[0m create_environment_scripts_only(rubbishbot)
[28.517s] [34mcolcon.colcon_core.shell[0m [1;30mINFO[0m Creating package script '/home/agilex/ros2_rubbishbot_ws/src/install/rubbishbot/share/rubbishbot/package.ps1'
[28.520s] [34mcolcon.colcon_core.shell[0m [1;30mINFO[0m Creating package descriptor '/home/agilex/ros2_rubbishbot_ws/src/install/rubbishbot/share/rubbishbot/package.dsv'
[28.521s] [34mcolcon.colcon_core.shell[0m [1;30mINFO[0m Creating package script '/home/agilex/ros2_rubbishbot_ws/src/install/rubbishbot/share/rubbishbot/package.sh'
[28.524s] [34mcolcon.colcon_core.shell[0m [1;30mINFO[0m Creating package script '/home/agilex/ros2_rubbishbot_ws/src/install/rubbishbot/share/rubbishbot/package.bash'
[28.527s] [34mcolcon.colcon_core.shell[0m [1;30mINFO[0m Creating package script '/home/agilex/ros2_rubbishbot_ws/src/install/rubbishbot/share/rubbishbot/package.zsh'
[28.529s] [34mcolcon.colcon_core.environment[0m [1;30mLevel 1[0m create_file_with_runtime_dependencies(/home/agilex/ros2_rubbishbot_ws/src/install/rubbishbot/share/colcon-core/packages/rubbishbot)
[28.533s] [34mcolcon.colcon_parallel_executor.executor.parallel[0m [1;30mDEBUG[0m [32mclosing loop[0m
[28.534s] [34mcolcon.colcon_parallel_executor.executor.parallel[0m [1;30mDEBUG[0m [32mloop closed[0m
[28.534s] [34mcolcon.colcon_parallel_executor.executor.parallel[0m [1;30mDEBUG[0m [32mrun_until_complete finished with '0'[0m
[28.534s] [34mcolcon.colcon_core.event_reactor[0m [1;30mDEBUG[0m [32mjoining thread[0m
[28.854s] [34mcolcon.colcon_core.plugin_system[0m [1;30mINFO[0m Skipping extension 'colcon_notification.desktop_notification.terminal_notifier': Not used on non-Darwin systems
[28.855s] [34mcolcon.colcon_core.plugin_system[0m [1;30mINFO[0m Skipping extension 'colcon_notification.desktop_notification.win32': Not used on non-Windows systems
[28.855s] [34mcolcon.colcon_notification.desktop_notification[0m [1;30mINFO[0m Sending desktop notification using 'notify2'
[28.897s] [34mcolcon.colcon_core.event_reactor[0m [1;30mDEBUG[0m [32mjoined thread[0m
[29.178s] [34mcolcon.colcon_core.shell[0m [1;30mINFO[0m Creating prefix script '/home/agilex/ros2_rubbishbot_ws/src/install/local_setup.ps1'
[29.180s] [34mcolcon.colcon_core.shell[0m [1;30mINFO[0m Creating prefix util module '/home/agilex/ros2_rubbishbot_ws/src/install/_local_setup_util_ps1.py'
[29.183s] [34mcolcon.colcon_core.shell[0m [1;30mINFO[0m Creating prefix chain script '/home/agilex/ros2_rubbishbot_ws/src/install/setup.ps1'
[29.454s] [34mcolcon.colcon_core.shell[0m [1;30mINFO[0m Creating prefix script '/home/agilex/ros2_rubbishbot_ws/src/install/local_setup.sh'
[29.456s] [34mcolcon.colcon_core.shell[0m [1;30mINFO[0m Creating prefix util module '/home/agilex/ros2_rubbishbot_ws/src/install/_local_setup_util_sh.py'
[29.457s] [34mcolcon.colcon_core.shell[0m [1;30mINFO[0m Creating prefix chain script '/home/agilex/ros2_rubbishbot_ws/src/install/setup.sh'
[29.725s] [34mcolcon.colcon_core.shell[0m [1;30mINFO[0m Creating prefix script '/home/agilex/ros2_rubbishbot_ws/src/install/local_setup.bash'
[29.727s] [34mcolcon.colcon_core.shell[0m [1;30mINFO[0m Creating prefix chain script '/home/agilex/ros2_rubbishbot_ws/src/install/setup.bash'
[30.033s] [34mcolcon.colcon_core.shell[0m [1;30mINFO[0m Creating prefix script '/home/agilex/ros2_rubbishbot_ws/src/install/local_setup.zsh'
[30.034s] [34mcolcon.colcon_core.shell[0m [1;30mINFO[0m Creating prefix chain script '/home/agilex/ros2_rubbishbot_ws/src/install/setup.zsh'
