[6.237s] Invoking command in '/home/agilex/ros2_rubbishbot_ws/src/rubbishbot': PYTHONPATH=/home/agilex/ros2_rubbishbot_ws/src/build/rubbishbot/prefix_override:/home/agilex/ros2_rubbishbot_ws/src/install/rubbishbot/lib/python3.8/site-packages:${PYTHONPATH} /usr/bin/python3 setup.py egg_info --egg-base ../build/rubbishbot build --build-base /home/agilex/ros2_rubbishbot_ws/src/build/rubbishbot/build install --record /home/agilex/ros2_rubbishbot_ws/src/build/rubbishbot/install.log --install-scripts $base/lib/rubbishbot --single-version-externally-managed
[6.887s] /home/agilex/.local/lib/python3.8/site-packages/setuptools/dist.py:476: SetuptoolsDeprecationWarning: Invalid dash-separated options
[6.888s] !!
[6.888s] 
[6.888s]         ********************************************************************************
[6.888s]         Usage of dash-separated 'script-dir' will not be supported in future
[6.888s]         versions. Please use the underscore name 'script_dir' instead.
[6.888s] 
[6.888s]         This deprecation is overdue, please update your project and remove deprecated
[6.889s]         calls to avoid build errors in the future.
[6.889s] 
[6.889s]         See https://setuptools.pypa.io/en/latest/userguide/declarative_config.html for details.
[6.889s]         ********************************************************************************
[6.889s] 
[6.889s] !!
[6.889s]   opt = self.warn_dash_deprecation(opt, section)
[7.184s] running egg_info
[7.226s] writing ../build/rubbishbot/rubbishbot.egg-info/PKG-INFO
[7.227s] writing dependency_links to ../build/rubbishbot/rubbishbot.egg-info/dependency_links.txt
[7.228s] writing entry points to ../build/rubbishbot/rubbishbot.egg-info/entry_points.txt
[7.229s] writing requirements to ../build/rubbishbot/rubbishbot.egg-info/requires.txt
[7.229s] writing top-level names to ../build/rubbishbot/rubbishbot.egg-info/top_level.txt
[7.583s] reading manifest file '../build/rubbishbot/rubbishbot.egg-info/SOURCES.txt'
[7.585s] writing manifest file '../build/rubbishbot/rubbishbot.egg-info/SOURCES.txt'
[7.585s] running build
[7.585s] running build_py
[7.585s] copying rubbishbot/mission_manager.py -> /home/agilex/ros2_rubbishbot_ws/src/build/rubbishbot/build/lib/rubbishbot
[7.586s] copying rubbishbot/pose_setter.py -> /home/agilex/ros2_rubbishbot_ws/src/build/rubbishbot/build/lib/rubbishbot
[7.586s] copying rubbishbot/__init__.py -> /home/agilex/ros2_rubbishbot_ws/src/build/rubbishbot/build/lib/rubbishbot
[7.586s] /home/agilex/.local/lib/python3.8/site-packages/setuptools/_distutils/cmd.py:66: SetuptoolsDeprecationWarning: setup.py install is deprecated.
[7.586s] !!
[7.586s] 
[7.586s] running install
[7.587s]         ********************************************************************************
[7.587s]         Please avoid running ``setup.py`` directly.
[7.587s]         Instead, use pypa/build, pypa/installer or other
[7.587s]         standards-based tools.
[7.588s] 
[7.588s]         See https://blog.ganssle.io/articles/2021/10/setup-py-deprecated.html for details.
[7.588s]         ********************************************************************************
[7.589s] 
[7.589s] !!
[7.589s]   self.initialize_options()
[7.604s] running install_lib
[7.652s] copying /home/agilex/ros2_rubbishbot_ws/src/build/rubbishbot/build/lib/rubbishbot/mission_manager.py -> /home/agilex/ros2_rubbishbot_ws/src/install/rubbishbot/lib/python3.8/site-packages/rubbishbot
[7.655s] byte-compiling /home/agilex/ros2_rubbishbot_ws/src/install/rubbishbot/lib/python3.8/site-packages/rubbishbot/mission_manager.py to mission_manager.cpython-38.pyc
[7.659s] running install_data
[7.704s] copying resource/rubbishbot -> /home/agilex/ros2_rubbishbot_ws/src/install/rubbishbot/share/ament_index/resource_index/packages
[7.704s] copying package.xml -> /home/agilex/ros2_rubbishbot_ws/src/install/rubbishbot/share/rubbishbot
[7.705s] running install_egg_info
[7.751s] removing '/home/agilex/ros2_rubbishbot_ws/src/install/rubbishbot/lib/python3.8/site-packages/rubbishbot-0.0.0-py3.8.egg-info' (and everything under it)
[7.753s] Copying ../build/rubbishbot/rubbishbot.egg-info to /home/agilex/ros2_rubbishbot_ws/src/install/rubbishbot/lib/python3.8/site-packages/rubbishbot-0.0.0-py3.8.egg-info
[7.755s] running install_scripts
[7.867s] Installing mission_manager script to /home/agilex/ros2_rubbishbot_ws/src/install/rubbishbot/lib/rubbishbot
[7.868s] Installing pose_setter script to /home/agilex/ros2_rubbishbot_ws/src/install/rubbishbot/lib/rubbishbot
[7.870s] writing list of installed files to '/home/agilex/ros2_rubbishbot_ws/src/build/rubbishbot/install.log'
[7.992s] Invoked command in '/home/agilex/ros2_rubbishbot_ws/src/rubbishbot' returned '0': PYTHONPATH=/home/agilex/ros2_rubbishbot_ws/src/build/rubbishbot/prefix_override:/home/agilex/ros2_rubbishbot_ws/src/install/rubbishbot/lib/python3.8/site-packages:${PYTHONPATH} /usr/bin/python3 setup.py egg_info --egg-base ../build/rubbishbot build --build-base /home/agilex/ros2_rubbishbot_ws/src/build/rubbishbot/build install --record /home/agilex/ros2_rubbishbot_ws/src/build/rubbishbot/install.log --install-scripts $base/lib/rubbishbot --single-version-externally-managed
