[5.587s] Invoking command in '/home/agilex/ros2_rubbishbot_ws/src/rubbishbot': PYTHONPATH=/home/agilex/ros2_rubbishbot_ws/src/build/rubbishbot/prefix_override:/home/agilex/ros2_rubbishbot_ws/src/install/rubbishbot/lib/python3.8/site-packages:${PYTHONPATH} /usr/bin/python3 setup.py egg_info --egg-base ../build/rubbishbot build --build-base /home/agilex/ros2_rubbishbot_ws/src/build/rubbishbot/build install --record /home/agilex/ros2_rubbishbot_ws/src/build/rubbishbot/install.log --install-scripts $base/lib/rubbishbot --single-version-externally-managed
[5.982s] /home/agilex/.local/lib/python3.8/site-packages/setuptools/dist.py:476: SetuptoolsDeprecationWarning: Invalid dash-separated options
[5.982s] !!
[5.982s] 
[5.982s]         ********************************************************************************
[5.983s]         Usage of dash-separated 'script-dir' will not be supported in future
[5.983s]         versions. Please use the underscore name 'script_dir' instead.
[5.983s] 
[5.983s]         This deprecation is overdue, please update your project and remove deprecated
[5.983s]         calls to avoid build errors in the future.
[5.983s] 
[5.983s]         See https://setuptools.pypa.io/en/latest/userguide/declarative_config.html for details.
[5.984s]         ********************************************************************************
[5.984s] 
[5.984s] !!
[5.984s]   opt = self.warn_dash_deprecation(opt, section)
[6.252s] running egg_info
[6.296s] writing ../build/rubbishbot/rubbishbot.egg-info/PKG-INFO
[6.298s] writing dependency_links to ../build/rubbishbot/rubbishbot.egg-info/dependency_links.txt
[6.300s] writing entry points to ../build/rubbishbot/rubbishbot.egg-info/entry_points.txt
[6.300s] writing requirements to ../build/rubbishbot/rubbishbot.egg-info/requires.txt
[6.301s] writing top-level names to ../build/rubbishbot/rubbishbot.egg-info/top_level.txt
[6.659s] reading manifest file '../build/rubbishbot/rubbishbot.egg-info/SOURCES.txt'
[6.661s] writing manifest file '../build/rubbishbot/rubbishbot.egg-info/SOURCES.txt'
[6.663s] running build
[6.663s] running build_py
[6.664s] copying rubbishbot/mission_manager.py -> /home/agilex/ros2_rubbishbot_ws/src/build/rubbishbot/build/lib/rubbishbot
[6.665s] copying rubbishbot/pose_setter.py -> /home/agilex/ros2_rubbishbot_ws/src/build/rubbishbot/build/lib/rubbishbot
[6.666s] copying rubbishbot/__init__.py -> /home/agilex/ros2_rubbishbot_ws/src/build/rubbishbot/build/lib/rubbishbot
[6.667s] running install
[6.668s] /home/agilex/.local/lib/python3.8/site-packages/setuptools/_distutils/cmd.py:66: SetuptoolsDeprecationWarning: setup.py install is deprecated.
[6.668s] !!
[6.668s] 
[6.668s]         ********************************************************************************
[6.668s]         Please avoid running ``setup.py`` directly.
[6.669s]         Instead, use pypa/build, pypa/installer or other
[6.669s]         standards-based tools.
[6.669s] 
[6.669s]         See https://blog.ganssle.io/articles/2021/10/setup-py-deprecated.html for details.
[6.669s]         ********************************************************************************
[6.669s] 
[6.669s] !!
[6.669s]   self.initialize_options()
[6.686s] running install_lib
[6.734s] copying /home/agilex/ros2_rubbishbot_ws/src/build/rubbishbot/build/lib/rubbishbot/mission_manager.py -> /home/agilex/ros2_rubbishbot_ws/src/install/rubbishbot/lib/python3.8/site-packages/rubbishbot
[6.735s] copying /home/agilex/ros2_rubbishbot_ws/src/build/rubbishbot/build/lib/rubbishbot/pose_setter.py -> /home/agilex/ros2_rubbishbot_ws/src/install/rubbishbot/lib/python3.8/site-packages/rubbishbot
[6.737s] byte-compiling /home/agilex/ros2_rubbishbot_ws/src/install/rubbishbot/lib/python3.8/site-packages/rubbishbot/mission_manager.py to mission_manager.cpython-38.pyc
[6.743s] byte-compiling /home/agilex/ros2_rubbishbot_ws/src/install/rubbishbot/lib/python3.8/site-packages/rubbishbot/pose_setter.py to pose_setter.cpython-38.pyc
[6.745s] running install_data
[6.789s] copying resource/rubbishbot -> /home/agilex/ros2_rubbishbot_ws/src/install/rubbishbot/share/ament_index/resource_index/packages
[6.790s] copying package.xml -> /home/agilex/ros2_rubbishbot_ws/src/install/rubbishbot/share/rubbishbot
[6.790s] running install_egg_info
[6.845s] removing '/home/agilex/ros2_rubbishbot_ws/src/install/rubbishbot/lib/python3.8/site-packages/rubbishbot-0.0.0-py3.8.egg-info' (and everything under it)
[6.846s] Copying ../build/rubbishbot/rubbishbot.egg-info to /home/agilex/ros2_rubbishbot_ws/src/install/rubbishbot/lib/python3.8/site-packages/rubbishbot-0.0.0-py3.8.egg-info
[6.848s] running install_scripts
[6.959s] Installing exploration_node script to /home/agilex/ros2_rubbishbot_ws/src/install/rubbishbot/lib/rubbishbot
[6.960s] Installing pose_setter script to /home/agilex/ros2_rubbishbot_ws/src/install/rubbishbot/lib/rubbishbot
[6.961s] writing list of installed files to '/home/agilex/ros2_rubbishbot_ws/src/build/rubbishbot/install.log'
[7.052s] Invoked command in '/home/agilex/ros2_rubbishbot_ws/src/rubbishbot' returned '0': PYTHONPATH=/home/agilex/ros2_rubbishbot_ws/src/build/rubbishbot/prefix_override:/home/agilex/ros2_rubbishbot_ws/src/install/rubbishbot/lib/python3.8/site-packages:${PYTHONPATH} /usr/bin/python3 setup.py egg_info --egg-base ../build/rubbishbot build --build-base /home/agilex/ros2_rubbishbot_ws/src/build/rubbishbot/build install --record /home/agilex/ros2_rubbishbot_ws/src/build/rubbishbot/install.log --install-scripts $base/lib/rubbishbot --single-version-externally-managed
