[3.259s] Invoking command in '/home/agilex/ros2_rubbishbot_ws/src/Trashbot/rubbishbot': PYTHONPATH=/home/agilex/ros2_rubbishbot_ws/src/Trashbot/build/rubbishbot/prefix_override:/home/agilex/ros2_rubbishbot_ws/src/Trashbot/install/rubbishbot/lib/python3.8/site-packages:${PYTHONPATH} /usr/bin/python3 setup.py egg_info --egg-base ../build/rubbishbot build --build-base /home/agilex/ros2_rubbishbot_ws/src/Trashbot/build/rubbishbot/build install --record /home/agilex/ros2_rubbishbot_ws/src/Trashbot/build/rubbishbot/install.log --install-scripts $base/lib/rubbishbot --single-version-externally-managed
[3.530s] /home/agilex/.local/lib/python3.8/site-packages/setuptools/dist.py:476: SetuptoolsDeprecationWarning: Invalid dash-separated options
[3.530s] !!
[3.530s] 
[3.531s]         ********************************************************************************
[3.531s]         Usage of dash-separated 'script-dir' will not be supported in future
[3.531s]         versions. Please use the underscore name 'script_dir' instead.
[3.531s] 
[3.531s]         This deprecation is overdue, please update your project and remove deprecated
[3.531s]         calls to avoid build errors in the future.
[3.532s] 
[3.532s]         See https://setuptools.pypa.io/en/latest/userguide/declarative_config.html for details.
[3.532s]         ********************************************************************************
[3.532s] 
[3.532s] !!
[3.532s]   opt = self.warn_dash_deprecation(opt, section)
[3.697s] running egg_info
[3.723s] writing ../build/rubbishbot/rubbishbot.egg-info/PKG-INFO
[3.724s] writing dependency_links to ../build/rubbishbot/rubbishbot.egg-info/dependency_links.txt
[3.725s] writing entry points to ../build/rubbishbot/rubbishbot.egg-info/entry_points.txt
[3.725s] writing requirements to ../build/rubbishbot/rubbishbot.egg-info/requires.txt
[3.725s] writing top-level names to ../build/rubbishbot/rubbishbot.egg-info/top_level.txt
[3.968s] reading manifest file '../build/rubbishbot/rubbishbot.egg-info/SOURCES.txt'
[3.971s] writing manifest file '../build/rubbishbot/rubbishbot.egg-info/SOURCES.txt'
[3.972s] running build
[3.973s] running build_py
[3.973s] copying rubbishbot/mission_manager.py -> /home/agilex/ros2_rubbishbot_ws/src/Trashbot/build/rubbishbot/build/lib/rubbishbot
[3.974s] copying rubbishbot/object_detector.py -> /home/agilex/ros2_rubbishbot_ws/src/Trashbot/build/rubbishbot/build/lib/rubbishbot
[3.975s] copying rubbishbot/pose_setter.py -> /home/agilex/ros2_rubbishbot_ws/src/Trashbot/build/rubbishbot/build/lib/rubbishbot
[3.975s] copying rubbishbot/__init__.py -> /home/agilex/ros2_rubbishbot_ws/src/Trashbot/build/rubbishbot/build/lib/rubbishbot
[3.976s] running install
[3.976s] /home/agilex/.local/lib/python3.8/site-packages/setuptools/_distutils/cmd.py:66: SetuptoolsDeprecationWarning: setup.py install is deprecated.
[3.976s] !!
[3.976s] 
[3.977s]         ********************************************************************************
[3.977s]         Please avoid running ``setup.py`` directly.
[3.977s]         Instead, use pypa/build, pypa/installer or other
[3.977s]         standards-based tools.
[3.977s] 
[3.978s]         See https://blog.ganssle.io/articles/2021/10/setup-py-deprecated.html for details.
[3.978s]         ********************************************************************************
[3.978s] 
[3.978s] !!
[3.978s]   self.initialize_options()
[3.986s] running install_lib
[4.013s] copying /home/agilex/ros2_rubbishbot_ws/src/Trashbot/build/rubbishbot/build/lib/rubbishbot/object_detector.py -> /home/agilex/ros2_rubbishbot_ws/src/Trashbot/install/rubbishbot/lib/python3.8/site-packages/rubbishbot
[4.014s] byte-compiling /home/agilex/ros2_rubbishbot_ws/src/Trashbot/install/rubbishbot/lib/python3.8/site-packages/rubbishbot/object_detector.py to object_detector.cpython-38.pyc
[4.016s] running install_data
[4.042s] copying resource/rubbishbot -> /home/agilex/ros2_rubbishbot_ws/src/Trashbot/install/rubbishbot/share/ament_index/resource_index/packages
[4.042s] copying package.xml -> /home/agilex/ros2_rubbishbot_ws/src/Trashbot/install/rubbishbot/share/rubbishbot
[4.043s] running install_egg_info
[4.072s] removing '/home/agilex/ros2_rubbishbot_ws/src/Trashbot/install/rubbishbot/lib/python3.8/site-packages/rubbishbot-0.0.0-py3.8.egg-info' (and everything under it)
[4.072s] Copying ../build/rubbishbot/rubbishbot.egg-info to /home/agilex/ros2_rubbishbot_ws/src/Trashbot/install/rubbishbot/lib/python3.8/site-packages/rubbishbot-0.0.0-py3.8.egg-info
[4.074s] running install_scripts
[4.144s] Installing detector script to /home/agilex/ros2_rubbishbot_ws/src/Trashbot/install/rubbishbot/lib/rubbishbot
[4.144s] Installing mission_manager script to /home/agilex/ros2_rubbishbot_ws/src/Trashbot/install/rubbishbot/lib/rubbishbot
[4.145s] Installing pose_setter script to /home/agilex/ros2_rubbishbot_ws/src/Trashbot/install/rubbishbot/lib/rubbishbot
[4.146s] writing list of installed files to '/home/agilex/ros2_rubbishbot_ws/src/Trashbot/build/rubbishbot/install.log'
[4.229s] Invoked command in '/home/agilex/ros2_rubbishbot_ws/src/Trashbot/rubbishbot' returned '0': PYTHONPATH=/home/agilex/ros2_rubbishbot_ws/src/Trashbot/build/rubbishbot/prefix_override:/home/agilex/ros2_rubbishbot_ws/src/Trashbot/install/rubbishbot/lib/python3.8/site-packages:${PYTHONPATH} /usr/bin/python3 setup.py egg_info --egg-base ../build/rubbishbot build --build-base /home/agilex/ros2_rubbishbot_ws/src/Trashbot/build/rubbishbot/build install --record /home/agilex/ros2_rubbishbot_ws/src/Trashbot/build/rubbishbot/install.log --install-scripts $base/lib/rubbishbot --single-version-externally-managed
