[6.170s] Invoking command in '/home/agilex/ros2_rubbishbot_ws/src/rubbishbot': PYTHONPATH=/home/agilex/ros2_rubbishbot_ws/src/build/rubbishbot/prefix_override:/home/agilex/ros2_rubbishbot_ws/src/install/rubbishbot/lib/python3.8/site-packages:${PYTHONPATH} /usr/bin/python3 setup.py egg_info --egg-base ../build/rubbishbot build --build-base /home/agilex/ros2_rubbishbot_ws/src/build/rubbishbot/build install --record /home/agilex/ros2_rubbishbot_ws/src/build/rubbishbot/install.log --install-scripts $base/lib/rubbishbot --single-version-externally-managed
[6.597s] /home/agilex/.local/lib/python3.8/site-packages/setuptools/dist.py:476: SetuptoolsDeprecationWarning: Invalid dash-separated options
[6.598s] !!
[6.599s] 
[6.600s]         ********************************************************************************
[6.601s]         Usage of dash-separated 'script-dir' will not be supported in future
[6.602s]         versions. Please use the underscore name 'script_dir' instead.
[6.603s] 
[6.604s]         This deprecation is overdue, please update your project and remove deprecated
[6.605s]         calls to avoid build errors in the future.
[6.606s] 
[6.607s]         See https://setuptools.pypa.io/en/latest/userguide/declarative_config.html for details.
[6.608s]         ********************************************************************************
[6.609s] 
[6.610s] !!
[6.610s]   opt = self.warn_dash_deprecation(opt, section)
[6.900s] running egg_info
[6.959s] writing ../build/rubbishbot/rubbishbot.egg-info/PKG-INFO
[6.965s] writing dependency_links to ../build/rubbishbot/rubbishbot.egg-info/dependency_links.txt
[6.966s] writing entry points to ../build/rubbishbot/rubbishbot.egg-info/entry_points.txt
[6.967s] writing requirements to ../build/rubbishbot/rubbishbot.egg-info/requires.txt
[6.968s] writing top-level names to ../build/rubbishbot/rubbishbot.egg-info/top_level.txt
[7.428s] reading manifest file '../build/rubbishbot/rubbishbot.egg-info/SOURCES.txt'
[7.431s] writing manifest file '../build/rubbishbot/rubbishbot.egg-info/SOURCES.txt'
[7.431s] running build
[7.432s] running build_py
[7.432s] copying rubbishbot/mission_manager.py -> /home/agilex/ros2_rubbishbot_ws/src/build/rubbishbot/build/lib/rubbishbot
[7.433s] copying rubbishbot/pose_setter.py -> /home/agilex/ros2_rubbishbot_ws/src/build/rubbishbot/build/lib/rubbishbot
[7.433s] copying rubbishbot/__init__.py -> /home/agilex/ros2_rubbishbot_ws/src/build/rubbishbot/build/lib/rubbishbot
[7.434s] running install
[7.434s] /home/agilex/.local/lib/python3.8/site-packages/setuptools/_distutils/cmd.py:66: SetuptoolsDeprecationWarning: setup.py install is deprecated.
[7.434s] !!
[7.435s] 
[7.435s]         ********************************************************************************
[7.435s]         Please avoid running ``setup.py`` directly.
[7.435s]         Instead, use pypa/build, pypa/installer or other
[7.435s]         standards-based tools.
[7.435s] 
[7.435s]         See https://blog.ganssle.io/articles/2021/10/setup-py-deprecated.html for details.
[7.435s]         ********************************************************************************
[7.436s] 
[7.436s] !!
[7.436s]   self.initialize_options()
[7.449s] running install_lib
[7.508s] copying /home/agilex/ros2_rubbishbot_ws/src/build/rubbishbot/build/lib/rubbishbot/pose_setter.py -> /home/agilex/ros2_rubbishbot_ws/src/install/rubbishbot/lib/python3.8/site-packages/rubbishbot
[7.509s] byte-compiling /home/agilex/ros2_rubbishbot_ws/src/install/rubbishbot/lib/python3.8/site-packages/rubbishbot/pose_setter.py to pose_setter.cpython-38.pyc
[7.511s] running install_data
[7.557s] copying resource/rubbishbot -> /home/agilex/ros2_rubbishbot_ws/src/install/rubbishbot/share/ament_index/resource_index/packages
[7.558s] copying package.xml -> /home/agilex/ros2_rubbishbot_ws/src/install/rubbishbot/share/rubbishbot
[7.563s] running install_egg_info
[7.626s] removing '/home/agilex/ros2_rubbishbot_ws/src/install/rubbishbot/lib/python3.8/site-packages/rubbishbot-0.0.0-py3.8.egg-info' (and everything under it)
[7.627s] Copying ../build/rubbishbot/rubbishbot.egg-info to /home/agilex/ros2_rubbishbot_ws/src/install/rubbishbot/lib/python3.8/site-packages/rubbishbot-0.0.0-py3.8.egg-info
[7.632s] running install_scripts
[7.756s] Installing mission_manager script to /home/agilex/ros2_rubbishbot_ws/src/install/rubbishbot/lib/rubbishbot
[7.758s] writing list of installed files to '/home/agilex/ros2_rubbishbot_ws/src/build/rubbishbot/install.log'
[7.901s] Invoked command in '/home/agilex/ros2_rubbishbot_ws/src/rubbishbot' returned '0': PYTHONPATH=/home/agilex/ros2_rubbishbot_ws/src/build/rubbishbot/prefix_override:/home/agilex/ros2_rubbishbot_ws/src/install/rubbishbot/lib/python3.8/site-packages:${PYTHONPATH} /usr/bin/python3 setup.py egg_info --egg-base ../build/rubbishbot build --build-base /home/agilex/ros2_rubbishbot_ws/src/build/rubbishbot/build install --record /home/agilex/ros2_rubbishbot_ws/src/build/rubbishbot/install.log --install-scripts $base/lib/rubbishbot --single-version-externally-managed
