[2.997s] Invoking command in '/home/agilex/ros2_rubbishbot_ws/src/Trashbot/rubbishbot': PYTHONPATH=/home/agilex/ros2_rubbishbot_ws/src/Trashbot/build/rubbishbot/prefix_override:/home/agilex/ros2_rubbishbot_ws/src/Trashbot/install/rubbishbot/lib/python3.8/site-packages: /usr/bin/python3 setup.py egg_info --egg-base ../build/rubbishbot build --build-base /home/agilex/ros2_rubbishbot_ws/src/Trashbot/build/rubbishbot/build install --record /home/agilex/ros2_rubbishbot_ws/src/Trashbot/build/rubbishbot/install.log --install-scripts $base/lib/rubbishbot --single-version-externally-managed
[3.284s] /home/agilex/.local/lib/python3.8/site-packages/setuptools/dist.py:476: SetuptoolsDeprecationWarning: Invalid dash-separated options
[3.284s] !!
[3.284s] 
[3.284s]         ********************************************************************************
[3.285s]         Usage of dash-separated 'script-dir' will not be supported in future
[3.285s]         versions. Please use the underscore name 'script_dir' instead.
[3.285s] 
[3.285s]         This deprecation is overdue, please update your project and remove deprecated
[3.285s]         calls to avoid build errors in the future.
[3.285s] 
[3.285s]         See https://setuptools.pypa.io/en/latest/userguide/declarative_config.html for details.
[3.286s]         ********************************************************************************
[3.286s] 
[3.286s] !!
[3.286s]   opt = self.warn_dash_deprecation(opt, section)
[3.450s] running egg_info
[3.477s] writing ../build/rubbishbot/rubbishbot.egg-info/PKG-INFO
[3.478s] writing dependency_links to ../build/rubbishbot/rubbishbot.egg-info/dependency_links.txt
[3.479s] writing entry points to ../build/rubbishbot/rubbishbot.egg-info/entry_points.txt
[3.480s] writing requirements to ../build/rubbishbot/rubbishbot.egg-info/requires.txt
[3.480s] writing top-level names to ../build/rubbishbot/rubbishbot.egg-info/top_level.txt
[3.725s] reading manifest file '../build/rubbishbot/rubbishbot.egg-info/SOURCES.txt'
[3.728s] writing manifest file '../build/rubbishbot/rubbishbot.egg-info/SOURCES.txt'
[3.728s] running build
[3.728s] running build_py
[3.728s] copying rubbishbot/mission_manager.py -> /home/agilex/ros2_rubbishbot_ws/src/Trashbot/build/rubbishbot/build/lib/rubbishbot
[3.729s] copying rubbishbot/pose_setter.py -> /home/agilex/ros2_rubbishbot_ws/src/Trashbot/build/rubbishbot/build/lib/rubbishbot
[3.729s] copying rubbishbot/__init__.py -> /home/agilex/ros2_rubbishbot_ws/src/Trashbot/build/rubbishbot/build/lib/rubbishbot
[3.730s] running install
[3.731s] /home/agilex/.local/lib/python3.8/site-packages/setuptools/_distutils/cmd.py:66: SetuptoolsDeprecationWarning: setup.py install is deprecated.
[3.731s] !!
[3.731s] 
[3.731s]         ********************************************************************************
[3.731s]         Please avoid running ``setup.py`` directly.
[3.731s]         Instead, use pypa/build, pypa/installer or other
[3.732s]         standards-based tools.
[3.732s] 
[3.732s]         See https://blog.ganssle.io/articles/2021/10/setup-py-deprecated.html for details.
[3.732s]         ********************************************************************************
[3.732s] 
[3.732s] !!
[3.732s]   self.initialize_options()
[3.742s] running install_lib
[3.769s] copying /home/agilex/ros2_rubbishbot_ws/src/Trashbot/build/rubbishbot/build/lib/rubbishbot/mission_manager.py -> /home/agilex/ros2_rubbishbot_ws/src/Trashbot/install/rubbishbot/lib/python3.8/site-packages/rubbishbot
[3.770s] byte-compiling /home/agilex/ros2_rubbishbot_ws/src/Trashbot/install/rubbishbot/lib/python3.8/site-packages/rubbishbot/mission_manager.py to mission_manager.cpython-38.pyc
[3.774s] running install_data
[3.800s] copying resource/rubbishbot -> /home/agilex/ros2_rubbishbot_ws/src/Trashbot/install/rubbishbot/share/ament_index/resource_index/packages
[3.800s] copying package.xml -> /home/agilex/ros2_rubbishbot_ws/src/Trashbot/install/rubbishbot/share/rubbishbot
[3.800s] running install_egg_info
[3.829s] removing '/home/agilex/ros2_rubbishbot_ws/src/Trashbot/install/rubbishbot/lib/python3.8/site-packages/rubbishbot-0.0.0-py3.8.egg-info' (and everything under it)
[3.829s] Copying ../build/rubbishbot/rubbishbot.egg-info to /home/agilex/ros2_rubbishbot_ws/src/Trashbot/install/rubbishbot/lib/python3.8/site-packages/rubbishbot-0.0.0-py3.8.egg-info
[3.831s] running install_scripts
[3.903s] Installing mission_manager script to /home/agilex/ros2_rubbishbot_ws/src/Trashbot/install/rubbishbot/lib/rubbishbot
[3.903s] Installing pose_setter script to /home/agilex/ros2_rubbishbot_ws/src/Trashbot/install/rubbishbot/lib/rubbishbot
[3.904s] writing list of installed files to '/home/agilex/ros2_rubbishbot_ws/src/Trashbot/build/rubbishbot/install.log'
[3.988s] Invoked command in '/home/agilex/ros2_rubbishbot_ws/src/Trashbot/rubbishbot' returned '0': PYTHONPATH=/home/agilex/ros2_rubbishbot_ws/src/Trashbot/build/rubbishbot/prefix_override:/home/agilex/ros2_rubbishbot_ws/src/Trashbot/install/rubbishbot/lib/python3.8/site-packages: /usr/bin/python3 setup.py egg_info --egg-base ../build/rubbishbot build --build-base /home/agilex/ros2_rubbishbot_ws/src/Trashbot/build/rubbishbot/build install --record /home/agilex/ros2_rubbishbot_ws/src/Trashbot/build/rubbishbot/install.log --install-scripts $base/lib/rubbishbot --single-version-externally-managed
