[2.941s] Invoking command in '/home/agilex/ros2_rubbishbot_ws/src/Trashbot/rubbishbot': PYTHONPATH=/home/agilex/ros2_rubbishbot_ws/src/Trashbot/build/rubbishbot/prefix_override:/home/agilex/ros2_rubbishbot_ws/src/Trashbot/install/rubbishbot/lib/python3.8/site-packages: /usr/bin/python3 setup.py egg_info --egg-base ../build/rubbishbot build --build-base /home/agilex/ros2_rubbishbot_ws/src/Trashbot/build/rubbishbot/build install --record /home/agilex/ros2_rubbishbot_ws/src/Trashbot/build/rubbishbot/install.log --install-scripts $base/lib/rubbishbot --single-version-externally-managed
[3.225s] /home/agilex/.local/lib/python3.8/site-packages/setuptools/dist.py:476: SetuptoolsDeprecationWarning: Invalid dash-separated options
[3.226s] !!
[3.226s] 
[3.226s]         ********************************************************************************
[3.226s]         Usage of dash-separated 'script-dir' will not be supported in future
[3.226s]         versions. Please use the underscore name 'script_dir' instead.
[3.227s] 
[3.227s]         This deprecation is overdue, please update your project and remove deprecated
[3.227s]         calls to avoid build errors in the future.
[3.227s] 
[3.227s]         See https://setuptools.pypa.io/en/latest/userguide/declarative_config.html for details.
[3.227s]         ********************************************************************************
[3.227s] 
[3.228s] !!
[3.228s]   opt = self.warn_dash_deprecation(opt, section)
[3.397s] running egg_info
[3.423s] writing ../build/rubbishbot/rubbishbot.egg-info/PKG-INFO
[3.425s] writing dependency_links to ../build/rubbishbot/rubbishbot.egg-info/dependency_links.txt
[3.426s] writing entry points to ../build/rubbishbot/rubbishbot.egg-info/entry_points.txt
[3.426s] writing requirements to ../build/rubbishbot/rubbishbot.egg-info/requires.txt
[3.426s] writing top-level names to ../build/rubbishbot/rubbishbot.egg-info/top_level.txt
[3.677s] reading manifest file '../build/rubbishbot/rubbishbot.egg-info/SOURCES.txt'
[3.678s] writing manifest file '../build/rubbishbot/rubbishbot.egg-info/SOURCES.txt'
[3.679s] running build
[3.679s] running build_py
[3.679s] copying rubbishbot/mission_manager.py -> /home/agilex/ros2_rubbishbot_ws/src/Trashbot/build/rubbishbot/build/lib/rubbishbot
[3.681s] copying rubbishbot/object_detector.py -> /home/agilex/ros2_rubbishbot_ws/src/Trashbot/build/rubbishbot/build/lib/rubbishbot
[3.681s] copying rubbishbot/pose_setter.py -> /home/agilex/ros2_rubbishbot_ws/src/Trashbot/build/rubbishbot/build/lib/rubbishbot
[3.681s] copying rubbishbot/__init__.py -> /home/agilex/ros2_rubbishbot_ws/src/Trashbot/build/rubbishbot/build/lib/rubbishbot
[3.682s] running install
[3.683s] /home/agilex/.local/lib/python3.8/site-packages/setuptools/_distutils/cmd.py:66: SetuptoolsDeprecationWarning: setup.py install is deprecated.
[3.683s] !!
[3.683s] 
[3.683s]         ********************************************************************************
[3.683s]         Please avoid running ``setup.py`` directly.
[3.683s]         Instead, use pypa/build, pypa/installer or other
[3.683s]         standards-based tools.
[3.684s] 
[3.684s]         See https://blog.ganssle.io/articles/2021/10/setup-py-deprecated.html for details.
[3.684s]         ********************************************************************************
[3.684s] 
[3.684s] !!
[3.684s]   self.initialize_options()
[3.695s] running install_lib
[3.722s] copying /home/agilex/ros2_rubbishbot_ws/src/Trashbot/build/rubbishbot/build/lib/rubbishbot/object_detector.py -> /home/agilex/ros2_rubbishbot_ws/src/Trashbot/install/rubbishbot/lib/python3.8/site-packages/rubbishbot
[3.723s] byte-compiling /home/agilex/ros2_rubbishbot_ws/src/Trashbot/install/rubbishbot/lib/python3.8/site-packages/rubbishbot/object_detector.py to object_detector.cpython-38.pyc
[3.728s] running install_data
[3.754s] copying resource/rubbishbot -> /home/agilex/ros2_rubbishbot_ws/src/Trashbot/install/rubbishbot/share/ament_index/resource_index/packages
[3.755s] copying package.xml -> /home/agilex/ros2_rubbishbot_ws/src/Trashbot/install/rubbishbot/share/rubbishbot
[3.755s] running install_egg_info
[3.785s] removing '/home/agilex/ros2_rubbishbot_ws/src/Trashbot/install/rubbishbot/lib/python3.8/site-packages/rubbishbot-0.0.0-py3.8.egg-info' (and everything under it)
[3.785s] Copying ../build/rubbishbot/rubbishbot.egg-info to /home/agilex/ros2_rubbishbot_ws/src/Trashbot/install/rubbishbot/lib/python3.8/site-packages/rubbishbot-0.0.0-py3.8.egg-info
[3.787s] running install_scripts
[3.859s] Installing detector script to /home/agilex/ros2_rubbishbot_ws/src/Trashbot/install/rubbishbot/lib/rubbishbot
[3.859s] Installing mission_manager script to /home/agilex/ros2_rubbishbot_ws/src/Trashbot/install/rubbishbot/lib/rubbishbot
[3.860s] Installing pose_setter script to /home/agilex/ros2_rubbishbot_ws/src/Trashbot/install/rubbishbot/lib/rubbishbot
[3.861s] writing list of installed files to '/home/agilex/ros2_rubbishbot_ws/src/Trashbot/build/rubbishbot/install.log'
[3.950s] Invoked command in '/home/agilex/ros2_rubbishbot_ws/src/Trashbot/rubbishbot' returned '0': PYTHONPATH=/home/agilex/ros2_rubbishbot_ws/src/Trashbot/build/rubbishbot/prefix_override:/home/agilex/ros2_rubbishbot_ws/src/Trashbot/install/rubbishbot/lib/python3.8/site-packages: /usr/bin/python3 setup.py egg_info --egg-base ../build/rubbishbot build --build-base /home/agilex/ros2_rubbishbot_ws/src/Trashbot/build/rubbishbot/build install --record /home/agilex/ros2_rubbishbot_ws/src/Trashbot/build/rubbishbot/install.log --install-scripts $base/lib/rubbishbot --single-version-externally-managed
