running develop
running egg_info
creating rubbishbot.egg-info
writing rubbishbot.egg-info/PKG-INFO
writing dependency_links to rubbishbot.egg-info/dependency_links.txt
writing entry points to rubbishbot.egg-info/entry_points.txt
writing requirements to rubbishbot.egg-info/requires.txt
writing top-level names to rubbishbot.egg-info/top_level.txt
writing manifest file 'rubbishbot.egg-info/SOURCES.txt'
reading manifest file 'rubbishbot.egg-info/SOURCES.txt'
writing manifest file 'rubbishbot.egg-info/SOURCES.txt'
running build_ext
Creating /home/agilex/ros2_rubbishbot_ws/src/Trashbot/install/rubbishbot/lib/python3.8/site-packages/rubbishbot.egg-link (link to .)
Installing detector script to /home/agilex/ros2_rubbishbot_ws/src/Trashbot/install/rubbishbot/lib/rubbishbot
Installing mission_manager script to /home/agilex/ros2_rubbishbot_ws/src/Trashbot/install/rubbishbot/lib/rubbishbot
Installing pose_setter script to /home/agilex/ros2_rubbishbot_ws/src/Trashbot/install/rubbishbot/lib/rubbishbot

Installed /home/agilex/ros2_rubbishbot_ws/src/Trashbot/build/rubbishbot
running install_data
creating /home/agilex/ros2_rubbishbot_ws/src/Trashbot/install/rubbishbot/share/ament_index
creating /home/agilex/ros2_rubbishbot_ws/src/Trashbot/install/rubbishbot/share/ament_index/resource_index
creating /home/agilex/ros2_rubbishbot_ws/src/Trashbot/install/rubbishbot/share/ament_index/resource_index/packages
copying resource/rubbishbot -> /home/agilex/ros2_rubbishbot_ws/src/Trashbot/install/rubbishbot/share/ament_index/resource_index/packages
copying package.xml -> /home/agilex/ros2_rubbishbot_ws/src/Trashbot/install/rubbishbot/share/rubbishbot
