[3.319s] Invoking command in '/home/agilex/ros2_rubbishbot_ws/src/Trashbot/rubbishbot': PYTHONPATH=/home/agilex/ros2_rubbishbot_ws/src/Trashbot/build/rubbishbot/prefix_override:/home/agilex/ros2_rubbishbot_ws/src/Trashbot/install/rubbishbot/lib/python3.8/site-packages:${PYTHONPATH} /usr/bin/python3 setup.py egg_info --egg-base ../build/rubbishbot build --build-base /home/agilex/ros2_rubbishbot_ws/src/Trashbot/build/rubbishbot/build install --record /home/agilex/ros2_rubbishbot_ws/src/Trashbot/build/rubbishbot/install.log --install-scripts $base/lib/rubbishbot --single-version-externally-managed
[3.607s] /home/agilex/.local/lib/python3.8/site-packages/setuptools/dist.py:476: SetuptoolsDeprecationWarning: Invalid dash-separated options
[3.608s] !!
[3.608s] 
[3.608s]         ********************************************************************************
[3.609s]         Usage of dash-separated 'script-dir' will not be supported in future
[3.609s]         versions. Please use the underscore name 'script_dir' instead.
[3.609s] 
[3.609s]         This deprecation is overdue, please update your project and remove deprecated
[3.610s]         calls to avoid build errors in the future.
[3.610s] 
[3.610s]         See https://setuptools.pypa.io/en/latest/userguide/declarative_config.html for details.
[3.610s]         ********************************************************************************
[3.611s] 
[3.611s] !!
[3.611s]   opt = self.warn_dash_deprecation(opt, section)
[3.776s] running egg_info
[3.803s] writing ../build/rubbishbot/rubbishbot.egg-info/PKG-INFO
[3.804s] writing dependency_links to ../build/rubbishbot/rubbishbot.egg-info/dependency_links.txt
[3.805s] writing entry points to ../build/rubbishbot/rubbishbot.egg-info/entry_points.txt
[3.805s] writing requirements to ../build/rubbishbot/rubbishbot.egg-info/requires.txt
[3.806s] writing top-level names to ../build/rubbishbot/rubbishbot.egg-info/top_level.txt
[4.056s] reading manifest file '../build/rubbishbot/rubbishbot.egg-info/SOURCES.txt'
[4.058s] writing manifest file '../build/rubbishbot/rubbishbot.egg-info/SOURCES.txt'
[4.058s] running build
[4.058s] running build_py
[4.059s] copying rubbishbot/mission_manager.py -> /home/agilex/ros2_rubbishbot_ws/src/Trashbot/build/rubbishbot/build/lib/rubbishbot
[4.059s] copying rubbishbot/object_detector.py -> /home/agilex/ros2_rubbishbot_ws/src/Trashbot/build/rubbishbot/build/lib/rubbishbot
[4.059s] copying rubbishbot/pose_setter.py -> /home/agilex/ros2_rubbishbot_ws/src/Trashbot/build/rubbishbot/build/lib/rubbishbot
[4.060s] copying rubbishbot/__init__.py -> /home/agilex/ros2_rubbishbot_ws/src/Trashbot/build/rubbishbot/build/lib/rubbishbot
[4.060s] running install
[4.061s] /home/agilex/.local/lib/python3.8/site-packages/setuptools/_distutils/cmd.py:66: SetuptoolsDeprecationWarning: setup.py install is deprecated.
[4.062s] !!
[4.062s] 
[4.062s]         ********************************************************************************
[4.062s]         Please avoid running ``setup.py`` directly.
[4.062s]         Instead, use pypa/build, pypa/installer or other
[4.063s]         standards-based tools.
[4.063s] 
[4.063s]         See https://blog.ganssle.io/articles/2021/10/setup-py-deprecated.html for details.
[4.063s]         ********************************************************************************
[4.063s] 
[4.063s] !!
[4.064s]   self.initialize_options()
[4.073s] running install_lib
[4.100s] copying /home/agilex/ros2_rubbishbot_ws/src/Trashbot/build/rubbishbot/build/lib/rubbishbot/object_detector.py -> /home/agilex/ros2_rubbishbot_ws/src/Trashbot/install/rubbishbot/lib/python3.8/site-packages/rubbishbot
[4.102s] byte-compiling /home/agilex/ros2_rubbishbot_ws/src/Trashbot/install/rubbishbot/lib/python3.8/site-packages/rubbishbot/object_detector.py to object_detector.cpython-38.pyc
[4.103s] running install_data
[4.130s] copying resource/rubbishbot -> /home/agilex/ros2_rubbishbot_ws/src/Trashbot/install/rubbishbot/share/ament_index/resource_index/packages
[4.131s] copying package.xml -> /home/agilex/ros2_rubbishbot_ws/src/Trashbot/install/rubbishbot/share/rubbishbot
[4.131s] running install_egg_info
[4.160s] removing '/home/agilex/ros2_rubbishbot_ws/src/Trashbot/install/rubbishbot/lib/python3.8/site-packages/rubbishbot-0.0.0-py3.8.egg-info' (and everything under it)
[4.161s] Copying ../build/rubbishbot/rubbishbot.egg-info to /home/agilex/ros2_rubbishbot_ws/src/Trashbot/install/rubbishbot/lib/python3.8/site-packages/rubbishbot-0.0.0-py3.8.egg-info
[4.163s] running install_scripts
[4.236s] Installing detector script to /home/agilex/ros2_rubbishbot_ws/src/Trashbot/install/rubbishbot/lib/rubbishbot
[4.237s] Installing mission_manager script to /home/agilex/ros2_rubbishbot_ws/src/Trashbot/install/rubbishbot/lib/rubbishbot
[4.237s] Installing pose_setter script to /home/agilex/ros2_rubbishbot_ws/src/Trashbot/install/rubbishbot/lib/rubbishbot
[4.237s] writing list of installed files to '/home/agilex/ros2_rubbishbot_ws/src/Trashbot/build/rubbishbot/install.log'
[4.333s] Invoked command in '/home/agilex/ros2_rubbishbot_ws/src/Trashbot/rubbishbot' returned '0': PYTHONPATH=/home/agilex/ros2_rubbishbot_ws/src/Trashbot/build/rubbishbot/prefix_override:/home/agilex/ros2_rubbishbot_ws/src/Trashbot/install/rubbishbot/lib/python3.8/site-packages:${PYTHONPATH} /usr/bin/python3 setup.py egg_info --egg-base ../build/rubbishbot build --build-base /home/agilex/ros2_rubbishbot_ws/src/Trashbot/build/rubbishbot/build install --record /home/agilex/ros2_rubbishbot_ws/src/Trashbot/build/rubbishbot/install.log --install-scripts $base/lib/rubbishbot --single-version-externally-managed
