[2.834s] Invoking command in '/home/agilex/ros2_rubbishbot_ws/src/Trashbot/rubbishbot': PYTHONPATH=/home/agilex/ros2_rubbishbot_ws/src/Trashbot/build/rubbishbot/prefix_override:/home/agilex/ros2_rubbishbot_ws/src/Trashbot/install/rubbishbot/lib/python3.8/site-packages: /usr/bin/python3 setup.py egg_info --egg-base ../build/rubbishbot build --build-base /home/agilex/ros2_rubbishbot_ws/src/Trashbot/build/rubbishbot/build install --record /home/agilex/ros2_rubbishbot_ws/src/Trashbot/build/rubbishbot/install.log --install-scripts $base/lib/rubbishbot --single-version-externally-managed
[3.116s] /home/agilex/.local/lib/python3.8/site-packages/setuptools/dist.py:476: SetuptoolsDeprecationWarning: Invalid dash-separated options
[3.117s] !!
[3.117s] 
[3.117s]         ********************************************************************************
[3.117s]         Usage of dash-separated 'script-dir' will not be supported in future
[3.117s]         versions. Please use the underscore name 'script_dir' instead.
[3.117s] 
[3.118s]         This deprecation is overdue, please update your project and remove deprecated
[3.118s]         calls to avoid build errors in the future.
[3.118s] 
[3.118s]         See https://setuptools.pypa.io/en/latest/userguide/declarative_config.html for details.
[3.118s]         ********************************************************************************
[3.118s] 
[3.118s] !!
[3.118s]   opt = self.warn_dash_deprecation(opt, section)
[3.286s] running egg_info
[3.312s] writing ../build/rubbishbot/rubbishbot.egg-info/PKG-INFO
[3.313s] writing dependency_links to ../build/rubbishbot/rubbishbot.egg-info/dependency_links.txt
[3.313s] writing entry points to ../build/rubbishbot/rubbishbot.egg-info/entry_points.txt
[3.314s] writing requirements to ../build/rubbishbot/rubbishbot.egg-info/requires.txt
[3.314s] writing top-level names to ../build/rubbishbot/rubbishbot.egg-info/top_level.txt
[3.560s] reading manifest file '../build/rubbishbot/rubbishbot.egg-info/SOURCES.txt'
[3.563s] writing manifest file '../build/rubbishbot/rubbishbot.egg-info/SOURCES.txt'
[3.564s] running build
[3.564s] running build_py
[3.564s] copying rubbishbot/mission_manager.py -> /home/agilex/ros2_rubbishbot_ws/src/Trashbot/build/rubbishbot/build/lib/rubbishbot
[3.564s] copying rubbishbot/pose_setter.py -> /home/agilex/ros2_rubbishbot_ws/src/Trashbot/build/rubbishbot/build/lib/rubbishbot
[3.565s] copying rubbishbot/__init__.py -> /home/agilex/ros2_rubbishbot_ws/src/Trashbot/build/rubbishbot/build/lib/rubbishbot
[3.565s] running install
[3.565s] /home/agilex/.local/lib/python3.8/site-packages/setuptools/_distutils/cmd.py:66: SetuptoolsDeprecationWarning: setup.py install is deprecated.
[3.565s] !!
[3.566s] 
[3.566s]         ********************************************************************************
[3.566s]         Please avoid running ``setup.py`` directly.
[3.566s]         Instead, use pypa/build, pypa/installer or other
[3.566s]         standards-based tools.
[3.566s] 
[3.567s]         See https://blog.ganssle.io/articles/2021/10/setup-py-deprecated.html for details.
[3.567s]         ********************************************************************************
[3.567s] 
[3.567s] !!
[3.567s]   self.initialize_options()
[3.578s] running install_lib
[3.605s] copying /home/agilex/ros2_rubbishbot_ws/src/Trashbot/build/rubbishbot/build/lib/rubbishbot/mission_manager.py -> /home/agilex/ros2_rubbishbot_ws/src/Trashbot/install/rubbishbot/lib/python3.8/site-packages/rubbishbot
[3.605s] copying /home/agilex/ros2_rubbishbot_ws/src/Trashbot/build/rubbishbot/build/lib/rubbishbot/pose_setter.py -> /home/agilex/ros2_rubbishbot_ws/src/Trashbot/install/rubbishbot/lib/python3.8/site-packages/rubbishbot
[3.606s] byte-compiling /home/agilex/ros2_rubbishbot_ws/src/Trashbot/install/rubbishbot/lib/python3.8/site-packages/rubbishbot/mission_manager.py to mission_manager.cpython-38.pyc
[3.609s] byte-compiling /home/agilex/ros2_rubbishbot_ws/src/Trashbot/install/rubbishbot/lib/python3.8/site-packages/rubbishbot/pose_setter.py to pose_setter.cpython-38.pyc
[3.610s] running install_data
[3.637s] copying resource/rubbishbot -> /home/agilex/ros2_rubbishbot_ws/src/Trashbot/install/rubbishbot/share/ament_index/resource_index/packages
[3.637s] copying package.xml -> /home/agilex/ros2_rubbishbot_ws/src/Trashbot/install/rubbishbot/share/rubbishbot
[3.637s] running install_egg_info
[3.668s] removing '/home/agilex/ros2_rubbishbot_ws/src/Trashbot/install/rubbishbot/lib/python3.8/site-packages/rubbishbot-0.0.0-py3.8.egg-info' (and everything under it)
[3.669s] Copying ../build/rubbishbot/rubbishbot.egg-info to /home/agilex/ros2_rubbishbot_ws/src/Trashbot/install/rubbishbot/lib/python3.8/site-packages/rubbishbot-0.0.0-py3.8.egg-info
[3.670s] running install_scripts
[3.740s] Installing mission_manager script to /home/agilex/ros2_rubbishbot_ws/src/Trashbot/install/rubbishbot/lib/rubbishbot
[3.741s] Installing pose_setter script to /home/agilex/ros2_rubbishbot_ws/src/Trashbot/install/rubbishbot/lib/rubbishbot
[3.741s] writing list of installed files to '/home/agilex/ros2_rubbishbot_ws/src/Trashbot/build/rubbishbot/install.log'
[3.829s] Invoked command in '/home/agilex/ros2_rubbishbot_ws/src/Trashbot/rubbishbot' returned '0': PYTHONPATH=/home/agilex/ros2_rubbishbot_ws/src/Trashbot/build/rubbishbot/prefix_override:/home/agilex/ros2_rubbishbot_ws/src/Trashbot/install/rubbishbot/lib/python3.8/site-packages: /usr/bin/python3 setup.py egg_info --egg-base ../build/rubbishbot build --build-base /home/agilex/ros2_rubbishbot_ws/src/Trashbot/build/rubbishbot/build install --record /home/agilex/ros2_rubbishbot_ws/src/Trashbot/build/rubbishbot/install.log --install-scripts $base/lib/rubbishbot --single-version-externally-managed
