[5.640s] Invoking command in '/home/agilex/ros2_rubbishbot_ws/src/rubbishbot': PYTHONPATH=/home/agilex/ros2_rubbishbot_ws/src/build/rubbishbot/prefix_override:/home/agilex/ros2_rubbishbot_ws/src/install/rubbishbot/lib/python3.8/site-packages:${PYTHONPATH} /usr/bin/python3 setup.py egg_info --egg-base ../build/rubbishbot build --build-base /home/agilex/ros2_rubbishbot_ws/src/build/rubbishbot/build install --record /home/agilex/ros2_rubbishbot_ws/src/build/rubbishbot/install.log --install-scripts $base/lib/rubbishbot --single-version-externally-managed
[6.206s] /home/agilex/.local/lib/python3.8/site-packages/setuptools/dist.py:476: SetuptoolsDeprecationWarning: Invalid dash-separated options
[6.206s] !!
[6.206s] 
[6.207s]         ********************************************************************************
[6.207s]         Usage of dash-separated 'script-dir' will not be supported in future
[6.207s]         versions. Please use the underscore name 'script_dir' instead.
[6.207s] 
[6.207s]         This deprecation is overdue, please update your project and remove deprecated
[6.207s]         calls to avoid build errors in the future.
[6.207s] 
[6.208s]         See https://setuptools.pypa.io/en/latest/userguide/declarative_config.html for details.
[6.208s]         ********************************************************************************
[6.208s] 
[6.208s] !!
[6.208s]   opt = self.warn_dash_deprecation(opt, section)
[6.513s] running egg_info
[6.556s] writing ../build/rubbishbot/rubbishbot.egg-info/PKG-INFO
[6.560s] writing dependency_links to ../build/rubbishbot/rubbishbot.egg-info/dependency_links.txt
[6.560s] writing entry points to ../build/rubbishbot/rubbishbot.egg-info/entry_points.txt
[6.560s] writing requirements to ../build/rubbishbot/rubbishbot.egg-info/requires.txt
[6.562s] writing top-level names to ../build/rubbishbot/rubbishbot.egg-info/top_level.txt
[6.916s] reading manifest file '../build/rubbishbot/rubbishbot.egg-info/SOURCES.txt'
[6.917s] writing manifest file '../build/rubbishbot/rubbishbot.egg-info/SOURCES.txt'
[6.919s] running build
[6.919s] running build_py
[6.919s] copying rubbishbot/mission_manager.py -> /home/agilex/ros2_rubbishbot_ws/src/build/rubbishbot/build/lib/rubbishbot
[6.921s] copying rubbishbot/pose_setter.py -> /home/agilex/ros2_rubbishbot_ws/src/build/rubbishbot/build/lib/rubbishbot
[6.921s] copying rubbishbot/__init__.py -> /home/agilex/ros2_rubbishbot_ws/src/build/rubbishbot/build/lib/rubbishbot
[6.921s] running install
[6.921s] /home/agilex/.local/lib/python3.8/site-packages/setuptools/_distutils/cmd.py:66: SetuptoolsDeprecationWarning: setup.py install is deprecated.
[6.922s] !!
[6.922s] 
[6.922s]         ********************************************************************************
[6.922s]         Please avoid running ``setup.py`` directly.
[6.922s]         Instead, use pypa/build, pypa/installer or other
[6.922s]         standards-based tools.
[6.922s] 
[6.922s]         See https://blog.ganssle.io/articles/2021/10/setup-py-deprecated.html for details.
[6.923s]         ********************************************************************************
[6.923s] 
[6.923s] !!
[6.923s]   self.initialize_options()
[6.932s] running install_lib
[6.977s] running install_data
[7.020s] copying resource/rubbishbot -> /home/agilex/ros2_rubbishbot_ws/src/install/rubbishbot/share/ament_index/resource_index/packages
[7.020s] copying package.xml -> /home/agilex/ros2_rubbishbot_ws/src/install/rubbishbot/share/rubbishbot
[7.021s] running install_egg_info
[7.066s] removing '/home/agilex/ros2_rubbishbot_ws/src/install/rubbishbot/lib/python3.8/site-packages/rubbishbot-0.0.0-py3.8.egg-info' (and everything under it)
[7.067s] Copying ../build/rubbishbot/rubbishbot.egg-info to /home/agilex/ros2_rubbishbot_ws/src/install/rubbishbot/lib/python3.8/site-packages/rubbishbot-0.0.0-py3.8.egg-info
[7.070s] running install_scripts
[7.176s] Installing mission_manager script to /home/agilex/ros2_rubbishbot_ws/src/install/rubbishbot/lib/rubbishbot
[7.176s] Installing pose_setter script to /home/agilex/ros2_rubbishbot_ws/src/install/rubbishbot/lib/rubbishbot
[7.177s] writing list of installed files to '/home/agilex/ros2_rubbishbot_ws/src/build/rubbishbot/install.log'
[7.270s] Invoked command in '/home/agilex/ros2_rubbishbot_ws/src/rubbishbot' returned '0': PYTHONPATH=/home/agilex/ros2_rubbishbot_ws/src/build/rubbishbot/prefix_override:/home/agilex/ros2_rubbishbot_ws/src/install/rubbishbot/lib/python3.8/site-packages:${PYTHONPATH} /usr/bin/python3 setup.py egg_info --egg-base ../build/rubbishbot build --build-base /home/agilex/ros2_rubbishbot_ws/src/build/rubbishbot/build install --record /home/agilex/ros2_rubbishbot_ws/src/build/rubbishbot/install.log --install-scripts $base/lib/rubbishbot --single-version-externally-managed
