[3.177s] Invoking command in '/home/agilex/ros2_rubbishbot_ws/src/Trashbot/build/rubbishbot': PYTHONPATH=/home/agilex/ros2_rubbishbot_ws/src/Trashbot/build/rubbishbot/prefix_override:/home/agilex/ros2_rubbishbot_ws/src/Trashbot/install/rubbishbot/lib/python3.8/site-packages: /usr/bin/python3 setup.py develop --uninstall --editable --build-directory /home/agilex/ros2_rubbishbot_ws/src/Trashbot/build/rubbishbot/build
[3.516s] /home/agilex/.local/lib/python3.8/site-packages/setuptools/dist.py:476: SetuptoolsDeprecationWarning: Invalid dash-separated options
[3.516s] !!
[3.516s] 
[3.517s]         ********************************************************************************
[3.517s]         Usage of dash-separated 'script-dir' will not be supported in future
[3.517s]         versions. Please use the underscore name 'script_dir' instead.
[3.517s] 
[3.517s]         This deprecation is overdue, please update your project and remove deprecated
[3.517s]         calls to avoid build errors in the future.
[3.517s] 
[3.518s]         See https://setuptools.pypa.io/en/latest/userguide/declarative_config.html for details.
[3.518s]         ********************************************************************************
[3.518s] 
[3.518s] !!
[3.518s]   opt = self.warn_dash_deprecation(opt, section)
[3.883s] running develop
[3.884s] /home/agilex/.local/lib/python3.8/site-packages/setuptools/command/develop.py:40: EasyInstallDeprecationWarning: easy_install command is deprecated.
[3.884s] !!
[3.885s] 
[3.885s]         ********************************************************************************
[3.885s]         Please avoid running ``setup.py`` and ``easy_install``.
[3.885s]         Instead, use pypa/build, pypa/installer or other
[3.885s]         standards-based tools.
[3.885s] 
[3.886s]         See https://github.com/pypa/setuptools/issues/917 for details.
[3.886s]         ********************************************************************************
[3.886s] 
[3.886s] !!
[3.886s]   easy_install.initialize_options(self)
[3.945s] /home/agilex/.local/lib/python3.8/site-packages/setuptools/_distutils/cmd.py:66: SetuptoolsDeprecationWarning: setup.py install is deprecated.
[3.945s] !!
[3.945s] 
[3.946s]         ********************************************************************************
[3.946s]         Please avoid running ``setup.py`` directly.
[3.946s]         Instead, use pypa/build, pypa/installer or other
[3.946s]         standards-based tools.
[3.946s] 
[3.947s]         See https://blog.ganssle.io/articles/2021/10/setup-py-deprecated.html for details.
[3.947s]         ********************************************************************************
[3.947s] 
[3.947s] !!
[3.947s]   self.initialize_options()
[4.262s] Removing /home/agilex/ros2_rubbishbot_ws/src/Trashbot/install/rubbishbot/lib/python3.8/site-packages/rubbishbot.egg-link (link to .)
[4.380s] Invoked command in '/home/agilex/ros2_rubbishbot_ws/src/Trashbot/build/rubbishbot' returned '0': PYTHONPATH=/home/agilex/ros2_rubbishbot_ws/src/Trashbot/build/rubbishbot/prefix_override:/home/agilex/ros2_rubbishbot_ws/src/Trashbot/install/rubbishbot/lib/python3.8/site-packages: /usr/bin/python3 setup.py develop --uninstall --editable --build-directory /home/agilex/ros2_rubbishbot_ws/src/Trashbot/build/rubbishbot/build
[4.389s] Invoking command in '/home/agilex/ros2_rubbishbot_ws/src/Trashbot/rubbishbot': PYTHONPATH=/home/agilex/ros2_rubbishbot_ws/src/Trashbot/build/rubbishbot/prefix_override:/home/agilex/ros2_rubbishbot_ws/src/Trashbot/install/rubbishbot/lib/python3.8/site-packages: /usr/bin/python3 setup.py egg_info --egg-base ../build/rubbishbot build --build-base /home/agilex/ros2_rubbishbot_ws/src/Trashbot/build/rubbishbot/build install --record /home/agilex/ros2_rubbishbot_ws/src/Trashbot/build/rubbishbot/install.log --install-scripts $base/lib/rubbishbot --single-version-externally-managed
[4.702s] /home/agilex/.local/lib/python3.8/site-packages/setuptools/dist.py:476: SetuptoolsDeprecationWarning: Invalid dash-separated options
[4.702s] !!
[4.703s] 
[4.703s]         ********************************************************************************
[4.703s]         Usage of dash-separated 'script-dir' will not be supported in future
[4.703s]         versions. Please use the underscore name 'script_dir' instead.
[4.703s] 
[4.704s]         This deprecation is overdue, please update your project and remove deprecated
[4.704s]         calls to avoid build errors in the future.
[4.704s] 
[4.704s]         See https://setuptools.pypa.io/en/latest/userguide/declarative_config.html for details.
[4.704s]         ********************************************************************************
[4.704s] 
[4.704s] !!
[4.705s]   opt = self.warn_dash_deprecation(opt, section)
[4.880s] running egg_info
[4.908s] writing ../build/rubbishbot/rubbishbot.egg-info/PKG-INFO
[4.909s] writing dependency_links to ../build/rubbishbot/rubbishbot.egg-info/dependency_links.txt
[4.910s] writing entry points to ../build/rubbishbot/rubbishbot.egg-info/entry_points.txt
[4.911s] writing requirements to ../build/rubbishbot/rubbishbot.egg-info/requires.txt
[4.911s] writing top-level names to ../build/rubbishbot/rubbishbot.egg-info/top_level.txt
[5.173s] reading manifest file '../build/rubbishbot/rubbishbot.egg-info/SOURCES.txt'
[5.176s] writing manifest file '../build/rubbishbot/rubbishbot.egg-info/SOURCES.txt'
[5.176s] running build
[5.177s] running build_py
[5.177s] creating /home/agilex/ros2_rubbishbot_ws/src/Trashbot/build/rubbishbot/build
[5.177s] creating /home/agilex/ros2_rubbishbot_ws/src/Trashbot/build/rubbishbot/build/lib
[5.177s] creating /home/agilex/ros2_rubbishbot_ws/src/Trashbot/build/rubbishbot/build/lib/rubbishbot
[5.178s] copying rubbishbot/mission_manager.py -> /home/agilex/ros2_rubbishbot_ws/src/Trashbot/build/rubbishbot/build/lib/rubbishbot
[5.178s] copying rubbishbot/object_detector.py -> /home/agilex/ros2_rubbishbot_ws/src/Trashbot/build/rubbishbot/build/lib/rubbishbot
[5.178s] copying rubbishbot/pose_setter.py -> /home/agilex/ros2_rubbishbot_ws/src/Trashbot/build/rubbishbot/build/lib/rubbishbot
[5.179s] copying rubbishbot/__init__.py -> /home/agilex/ros2_rubbishbot_ws/src/Trashbot/build/rubbishbot/build/lib/rubbishbot
[5.180s] running install
[5.180s] /home/agilex/.local/lib/python3.8/site-packages/setuptools/_distutils/cmd.py:66: SetuptoolsDeprecationWarning: setup.py install is deprecated.
[5.181s] !!
[5.181s] 
[5.181s]         ********************************************************************************
[5.181s]         Please avoid running ``setup.py`` directly.
[5.181s]         Instead, use pypa/build, pypa/installer or other
[5.182s]         standards-based tools.
[5.182s] 
[5.182s]         See https://blog.ganssle.io/articles/2021/10/setup-py-deprecated.html for details.
[5.182s]         ********************************************************************************
[5.183s] 
[5.183s] !!
[5.183s]   self.initialize_options()
[5.193s] running install_lib
[5.220s] creating /home/agilex/ros2_rubbishbot_ws/src/Trashbot/install/rubbishbot/lib/python3.8/site-packages/rubbishbot
[5.221s] copying /home/agilex/ros2_rubbishbot_ws/src/Trashbot/build/rubbishbot/build/lib/rubbishbot/mission_manager.py -> /home/agilex/ros2_rubbishbot_ws/src/Trashbot/install/rubbishbot/lib/python3.8/site-packages/rubbishbot
[5.221s] copying /home/agilex/ros2_rubbishbot_ws/src/Trashbot/build/rubbishbot/build/lib/rubbishbot/object_detector.py -> /home/agilex/ros2_rubbishbot_ws/src/Trashbot/install/rubbishbot/lib/python3.8/site-packages/rubbishbot
[5.221s] copying /home/agilex/ros2_rubbishbot_ws/src/Trashbot/build/rubbishbot/build/lib/rubbishbot/pose_setter.py -> /home/agilex/ros2_rubbishbot_ws/src/Trashbot/install/rubbishbot/lib/python3.8/site-packages/rubbishbot
[5.222s] copying /home/agilex/ros2_rubbishbot_ws/src/Trashbot/build/rubbishbot/build/lib/rubbishbot/__init__.py -> /home/agilex/ros2_rubbishbot_ws/src/Trashbot/install/rubbishbot/lib/python3.8/site-packages/rubbishbot
[5.223s] byte-compiling /home/agilex/ros2_rubbishbot_ws/src/Trashbot/install/rubbishbot/lib/python3.8/site-packages/rubbishbot/mission_manager.py to mission_manager.cpython-38.pyc
[5.227s] byte-compiling /home/agilex/ros2_rubbishbot_ws/src/Trashbot/install/rubbishbot/lib/python3.8/site-packages/rubbishbot/object_detector.py to object_detector.cpython-38.pyc
[5.231s] byte-compiling /home/agilex/ros2_rubbishbot_ws/src/Trashbot/install/rubbishbot/lib/python3.8/site-packages/rubbishbot/pose_setter.py to pose_setter.cpython-38.pyc
[5.232s] byte-compiling /home/agilex/ros2_rubbishbot_ws/src/Trashbot/install/rubbishbot/lib/python3.8/site-packages/rubbishbot/__init__.py to __init__.cpython-38.pyc
[5.234s] running install_data
[5.265s] copying resource/rubbishbot -> /home/agilex/ros2_rubbishbot_ws/src/Trashbot/install/rubbishbot/share/ament_index/resource_index/packages
[5.266s] copying package.xml -> /home/agilex/ros2_rubbishbot_ws/src/Trashbot/install/rubbishbot/share/rubbishbot
[5.266s] running install_egg_info
[5.296s] Copying ../build/rubbishbot/rubbishbot.egg-info to /home/agilex/ros2_rubbishbot_ws/src/Trashbot/install/rubbishbot/lib/python3.8/site-packages/rubbishbot-0.0.0-py3.8.egg-info
[5.298s] running install_scripts
[5.372s] Installing detector script to /home/agilex/ros2_rubbishbot_ws/src/Trashbot/install/rubbishbot/lib/rubbishbot
[5.374s] Installing mission_manager script to /home/agilex/ros2_rubbishbot_ws/src/Trashbot/install/rubbishbot/lib/rubbishbot
[5.374s] Installing pose_setter script to /home/agilex/ros2_rubbishbot_ws/src/Trashbot/install/rubbishbot/lib/rubbishbot
[5.375s] writing list of installed files to '/home/agilex/ros2_rubbishbot_ws/src/Trashbot/build/rubbishbot/install.log'
[5.486s] Invoked command in '/home/agilex/ros2_rubbishbot_ws/src/Trashbot/rubbishbot' returned '0': PYTHONPATH=/home/agilex/ros2_rubbishbot_ws/src/Trashbot/build/rubbishbot/prefix_override:/home/agilex/ros2_rubbishbot_ws/src/Trashbot/install/rubbishbot/lib/python3.8/site-packages: /usr/bin/python3 setup.py egg_info --egg-base ../build/rubbishbot build --build-base /home/agilex/ros2_rubbishbot_ws/src/Trashbot/build/rubbishbot/build install --record /home/agilex/ros2_rubbishbot_ws/src/Trashbot/build/rubbishbot/install.log --install-scripts $base/lib/rubbishbot --single-version-externally-managed
