[5.077s] Invoking command in '/home/agilex/ros2_rubbishbot_ws/src/rubbishbot': PYTHONPATH=/home/agilex/ros2_rubbishbot_ws/src/build/rubbishbot/prefix_override:/home/agilex/ros2_rubbishbot_ws/src/install/rubbishbot/lib/python3.8/site-packages:${PYTHONPATH} /usr/bin/python3 setup.py egg_info --egg-base ../build/rubbishbot build --build-base /home/agilex/ros2_rubbishbot_ws/src/build/rubbishbot/build install --record /home/agilex/ros2_rubbishbot_ws/src/build/rubbishbot/install.log --install-scripts $base/lib/rubbishbot --single-version-externally-managed
[5.493s] /home/agilex/.local/lib/python3.8/site-packages/setuptools/dist.py:476: SetuptoolsDeprecationWarning: Invalid dash-separated options
[5.496s] !!
[5.496s] 
[5.496s]         ********************************************************************************
[5.496s]         Usage of dash-separated 'script-dir' will not be supported in future
[5.496s]         versions. Please use the underscore name 'script_dir' instead.
[5.497s] 
[5.497s]         This deprecation is overdue, please update your project and remove deprecated
[5.497s]         calls to avoid build errors in the future.
[5.497s] 
[5.497s]         See https://setuptools.pypa.io/en/latest/userguide/declarative_config.html for details.
[5.497s]         ********************************************************************************
[5.497s] 
[5.498s] !!
[5.498s]   opt = self.warn_dash_deprecation(opt, section)
[5.758s] running egg_info
[5.805s] writing ../build/rubbishbot/rubbishbot.egg-info/PKG-INFO
[5.810s] writing dependency_links to ../build/rubbishbot/rubbishbot.egg-info/dependency_links.txt
[5.812s] writing entry points to ../build/rubbishbot/rubbishbot.egg-info/entry_points.txt
[5.815s] writing requirements to ../build/rubbishbot/rubbishbot.egg-info/requires.txt
[5.816s] writing top-level names to ../build/rubbishbot/rubbishbot.egg-info/top_level.txt
[6.182s] reading manifest file '../build/rubbishbot/rubbishbot.egg-info/SOURCES.txt'
[6.184s] writing manifest file '../build/rubbishbot/rubbishbot.egg-info/SOURCES.txt'
[6.185s] running build
[6.185s] running build_py
[6.185s] copying rubbishbot/mission_manager.py -> /home/agilex/ros2_rubbishbot_ws/src/build/rubbishbot/build/lib/rubbishbot
[6.187s] copying rubbishbot/pose_setter.py -> /home/agilex/ros2_rubbishbot_ws/src/build/rubbishbot/build/lib/rubbishbot
[6.187s] copying rubbishbot/__init__.py -> /home/agilex/ros2_rubbishbot_ws/src/build/rubbishbot/build/lib/rubbishbot
[6.187s] /home/agilex/.local/lib/python3.8/site-packages/setuptools/_distutils/cmd.py:66: SetuptoolsDeprecationWarning: setup.py install is deprecated.
[6.187s] !!
[6.187s] 
[6.188s]         ********************************************************************************
[6.188s]         Please avoid running ``setup.py`` directly.
[6.188s]         Instead, use pypa/build, pypa/installer or other
[6.188s]         standards-based tools.
[6.188s] 
[6.188s]         See https://blog.ganssle.io/articles/2021/10/setup-py-deprecated.html for details.
[6.188s]         ********************************************************************************
[6.189s] 
[6.189s] !!
[6.189s]   self.initialize_options()
[6.189s] running install
[6.199s] running install_lib
[6.243s] running install_data
[6.284s] copying resource/rubbishbot -> /home/agilex/ros2_rubbishbot_ws/src/install/rubbishbot/share/ament_index/resource_index/packages
[6.286s] copying package.xml -> /home/agilex/ros2_rubbishbot_ws/src/install/rubbishbot/share/rubbishbot
[6.287s] running install_egg_info
[6.332s] removing '/home/agilex/ros2_rubbishbot_ws/src/install/rubbishbot/lib/python3.8/site-packages/rubbishbot-0.0.0-py3.8.egg-info' (and everything under it)
[6.333s] Copying ../build/rubbishbot/rubbishbot.egg-info to /home/agilex/ros2_rubbishbot_ws/src/install/rubbishbot/lib/python3.8/site-packages/rubbishbot-0.0.0-py3.8.egg-info
[6.335s] running install_scripts
[6.438s] Installing mission_manager script to /home/agilex/ros2_rubbishbot_ws/src/install/rubbishbot/lib/rubbishbot
[6.440s] writing list of installed files to '/home/agilex/ros2_rubbishbot_ws/src/build/rubbishbot/install.log'
[6.540s] Invoked command in '/home/agilex/ros2_rubbishbot_ws/src/rubbishbot' returned '0': PYTHONPATH=/home/agilex/ros2_rubbishbot_ws/src/build/rubbishbot/prefix_override:/home/agilex/ros2_rubbishbot_ws/src/install/rubbishbot/lib/python3.8/site-packages:${PYTHONPATH} /usr/bin/python3 setup.py egg_info --egg-base ../build/rubbishbot build --build-base /home/agilex/ros2_rubbishbot_ws/src/build/rubbishbot/build install --record /home/agilex/ros2_rubbishbot_ws/src/build/rubbishbot/install.log --install-scripts $base/lib/rubbishbot --single-version-externally-managed
